Open5GS daemon v2.7.1

06/24 11:14:42.913: [app] INFO: Configuration: '/open5gs/install/etc/open5gs/amf.yaml' (../lib/app/ogs-init.c:133)
06/24 11:14:42.913: [app] INFO: File Logging: '/open5gs/install/var/log/open5gs/amf.log' (../lib/app/ogs-init.c:136)
06/24 11:14:42.915: [metrics] INFO: metrics_server() [http://127.0.0.5]:9090 (../lib/metrics/prometheus/context.c:299)
06/24 11:14:42.915: [sbi] INFO: NF Service [namf-comm] (../lib/sbi/context.c:1841)
06/24 11:14:42.915: [sbi] INFO: nghttp2_server() [http://127.0.0.5]:7777 (../lib/sbi/nghttp2-server.c:414)
06/24 11:14:42.915: [amf] INFO: ngap_server() [10.53.1.2]:38412 (../src/amf/ngap-sctp.c:61)
06/24 11:14:42.915: [sctp] INFO: AMF initialize...done (../src/amf/app.c:33)
06/24 11:14:42.916: [sbi] INFO: [f4c94dde-321a-41ef-9053-8756788521bf] NF registered [Heartbeat:10s] (../lib/sbi/nf-sm.c:221)
06/24 11:14:42.917: [sbi] INFO: [f4c9b76a-321a-41ef-8a54-bb03ef1de036] Subscription created until 2024-06-25T11:14:42.917365+00:00 [duration:86400,validity:86399.999379,patch:43199.999689] (../lib/sbi/nnrf-handler.c:813)
06/24 11:14:42.918: [sbi] INFO: [f4c9b8dc-321a-41ef-8a54-bb03ef1de036] Subscription created until 2024-06-25T11:14:42.917401+00:00 [duration:86400,validity:86399.999389,patch:43199.999694] (../lib/sbi/nnrf-handler.c:813)
06/24 11:14:42.918: [sbi] INFO: [f4c9bbe8-321a-41ef-8a54-bb03ef1de036] Subscription created until 2024-06-25T11:14:42.917479+00:00 [duration:86400,validity:86399.998981,patch:43199.999490] (../lib/sbi/nnrf-handler.c:813)
06/24 11:14:42.918: [sbi] INFO: [f4c9bce2-321a-41ef-8a54-bb03ef1de036] Subscription created until 2024-06-25T11:14:42.917502+00:00 [duration:86400,validity:86399.998937,patch:43199.999468] (../lib/sbi/nnrf-handler.c:813)
06/24 11:14:42.918: [sbi] INFO: [f4c9bdb4-321a-41ef-8a54-bb03ef1de036] Subscription created until 2024-06-25T11:14:42.917524+00:00 [duration:86400,validity:86399.998808,patch:43199.999404] (../lib/sbi/nnrf-handler.c:813)
06/24 11:14:42.918: [sbi] INFO: [f4c9bfda-321a-41ef-8a54-bb03ef1de036] Subscription created until 2024-06-25T11:14:42.917579+00:00 [duration:86400,validity:86399.998735,patch:43199.999367] (../lib/sbi/nnrf-handler.c:813)
06/24 11:14:42.918: [sbi] INFO: [f4c9c0ac-321a-41ef-8a54-bb03ef1de036] Subscription created until 2024-06-25T11:14:42.917600+00:00 [duration:86400,validity:86399.998678,patch:43199.999339] (../lib/sbi/nnrf-handler.c:813)
06/24 11:14:42.953: [sbi] INFO: (NRF-notify) NF registered [f4cd049c-321a-41ef-bb0c-09632ffe1e69:1] (../lib/sbi/nnrf-handler.c:1058)
06/24 11:14:42.953: [sbi] INFO: [SMF] (NRF-notify) NF Profile updated [f4cd049c-321a-41ef-bb0c-09632ffe1e69:1] (../lib/sbi/nnrf-handler.c:1072)
06/24 11:15:09.543: [amf] INFO: gNB-N2 accepted[10.53.1.3]:40839 in ng-path module (../src/amf/ngap-sctp.c:113)
06/24 11:15:09.543: [amf] INFO: gNB-N2 accepted[10.53.1.3] in master_sm module (../src/amf/amf-sm.c:757)
06/24 11:15:09.546: [amf] INFO: [Added] Number of gNBs is now 1 (../src/amf/context.c:1236)
06/24 11:15:09.547: [amf] INFO: gNB-N2[10.53.1.3] max_num_of_ostreams : 30 (../src/amf/amf-sm.c:796)
06/24 11:15:27.268: [amf] INFO: InitialUEMessage (../src/amf/ngap-handler.c:401)
06/24 11:15:27.268: [amf] INFO: [Added] Number of gNB-UEs is now 1 (../src/amf/context.c:2662)
06/24 11:15:27.268: [amf] INFO: Unknown UE by 5G-S_TMSI[AMF_ID:0x20000,M_TMSI:0xc000001b] (../src/amf/ngap-handler.c:479)
06/24 11:15:27.268: [amf] INFO:     RAN_UE_NGAP_ID[0] AMF_UE_NGAP_ID[1] TAC[7] CellID[0x66c000] (../src/amf/ngap-handler.c:562)
06/24 11:15:27.268: [amf] INFO: Unknown UE by 5G-S_TMSI[AMF_ID:0x20040,M_TMSI:0xc000001b] (../src/amf/context.c:1862)
06/24 11:15:27.268: [amf] INFO: [Added] Number of AMF-UEs is now 1 (../src/amf/context.c:1621)
06/24 11:15:27.268: [gmm] INFO: Registration request (../src/amf/gmm-sm.c:1214)
06/24 11:15:27.268: [gmm] INFO: [Unknown ID]    5G-S_GUTI[AMF_ID:0x20040,M_TMSI:0xc000001b] (../src/amf/gmm-handler.c:185)
06/24 11:15:27.268: [gmm] ERROR: [UE:0x0:0x0], NEA0 can be used in Encrypt[0x0], but Integrity[0x0] cannot be bypassed with NIA0 (../src/amf/gmm-handler.c:326)
06/24 11:15:27.268: [gmm] ERROR: gmm_handle_registration_request() failed [23] (../src/amf/gmm-sm.c:1237)
06/24 11:15:27.268: [amf] WARNING: [(null)] Registration reject [23] (../src/amf/nas-path.c:205)
06/24 11:15:27.421: [amf] INFO: UE Context Release [Action:3] (../src/amf/ngap-handler.c:1696)
06/24 11:15:27.421: [amf] INFO:     RAN_UE_NGAP_ID[0] AMF_UE_NGAP_ID[1] (../src/amf/ngap-handler.c:1697)
06/24 11:15:27.421: [amf] INFO:     SUCI[Unknown] (../src/amf/ngap-handler.c:1701)
06/24 11:15:27.421: [amf] INFO: [Removed] Number of gNB-UEs is now 0 (../src/amf/context.c:2669)
06/24 11:15:27.421: [amf] INFO: [Removed] Number of AMF-UEs is now 0 (../src/amf/context.c:1718)
06/24 11:15:37.390: [amf] INFO: InitialUEMessage (../src/amf/ngap-handler.c:401)
06/24 11:15:37.390: [amf] INFO: [Added] Number of gNB-UEs is now 1 (../src/amf/context.c:2662)
06/24 11:15:37.390: [amf] INFO: Unknown UE by 5G-S_TMSI[AMF_ID:0x20000,M_TMSI:0xc000001b] (../src/amf/ngap-handler.c:479)
06/24 11:15:37.390: [amf] INFO:     RAN_UE_NGAP_ID[1] AMF_UE_NGAP_ID[2] TAC[7] CellID[0x66c000] (../src/amf/ngap-handler.c:562)
06/24 11:15:37.390: [amf] INFO: Unknown UE by 5G-S_TMSI[AMF_ID:0x20040,M_TMSI:0xc000001b] (../src/amf/context.c:1862)
06/24 11:15:37.390: [amf] INFO: [Added] Number of AMF-UEs is now 1 (../src/amf/context.c:1621)
06/24 11:15:37.390: [gmm] INFO: Registration request (../src/amf/gmm-sm.c:1214)
06/24 11:15:37.390: [gmm] INFO: [Unknown ID]    5G-S_GUTI[AMF_ID:0x20040,M_TMSI:0xc000001b] (../src/amf/gmm-handler.c:185)
06/24 11:15:37.390: [gmm] ERROR: [UE:0x0:0x0], NEA0 can be used in Encrypt[0x0], but Integrity[0x0] cannot be bypassed with NIA0 (../src/amf/gmm-handler.c:326)
06/24 11:15:37.390: [gmm] ERROR: gmm_handle_registration_request() failed [23] (../src/amf/gmm-sm.c:1237)
06/24 11:15:37.390: [amf] WARNING: [(null)] Registration reject [23] (../src/amf/nas-path.c:205)
06/24 11:15:37.543: [amf] INFO: UE Context Release [Action:3] (../src/amf/ngap-handler.c:1696)
06/24 11:15:37.543: [amf] INFO:     RAN_UE_NGAP_ID[1] AMF_UE_NGAP_ID[2] (../src/amf/ngap-handler.c:1697)
06/24 11:15:37.543: [amf] INFO:     SUCI[Unknown] (../src/amf/ngap-handler.c:1701)
06/24 11:15:37.543: [amf] INFO: [Removed] Number of gNB-UEs is now 0 (../src/amf/context.c:2669)
06/24 11:15:37.543: [amf] INFO: [Removed] Number of AMF-UEs is now 0 (../src/amf/context.c:1718)
06/24 11:15:47.511: [amf] INFO: InitialUEMessage (../src/amf/ngap-handler.c:401)
06/24 11:15:47.511: [amf] INFO: [Added] Number of gNB-UEs is now 1 (../src/amf/context.c:2662)
06/24 11:15:47.511: [amf] INFO: Unknown UE by 5G-S_TMSI[AMF_ID:0x20000,M_TMSI:0xc000001b] (../src/amf/ngap-handler.c:479)
06/24 11:15:47.511: [amf] INFO:     RAN_UE_NGAP_ID[2] AMF_UE_NGAP_ID[3] TAC[7] CellID[0x66c000] (../src/amf/ngap-handler.c:562)
06/24 11:15:47.511: [amf] INFO: Unknown UE by 5G-S_TMSI[AMF_ID:0x20040,M_TMSI:0xc000001b] (../src/amf/context.c:1862)
06/24 11:15:47.511: [amf] INFO: [Added] Number of AMF-UEs is now 1 (../src/amf/context.c:1621)
06/24 11:15:47.511: [gmm] INFO: Registration request (../src/amf/gmm-sm.c:1214)
06/24 11:15:47.511: [gmm] INFO: [Unknown ID]    5G-S_GUTI[AMF_ID:0x20040,M_TMSI:0xc000001b] (../src/amf/gmm-handler.c:185)
06/24 11:15:47.511: [gmm] ERROR: [UE:0x0:0x0], NEA0 can be used in Encrypt[0x0], but Integrity[0x0] cannot be bypassed with NIA0 (../src/amf/gmm-handler.c:326)
06/24 11:15:47.511: [gmm] ERROR: gmm_handle_registration_request() failed [23] (../src/amf/gmm-sm.c:1237)
06/24 11:15:47.511: [amf] WARNING: [(null)] Registration reject [23] (../src/amf/nas-path.c:205)
06/24 11:15:47.664: [amf] INFO: UE Context Release [Action:3] (../src/amf/ngap-handler.c:1696)
06/24 11:15:47.664: [amf] INFO:     RAN_UE_NGAP_ID[2] AMF_UE_NGAP_ID[3] (../src/amf/ngap-handler.c:1697)
06/24 11:15:47.664: [amf] INFO:     SUCI[Unknown] (../src/amf/ngap-handler.c:1701)
06/24 11:15:47.664: [amf] INFO: [Removed] Number of gNB-UEs is now 0 (../src/amf/context.c:2669)
06/24 11:15:47.664: [amf] INFO: [Removed] Number of AMF-UEs is now 0 (../src/amf/context.c:1718)
06/24 11:15:57.632: [amf] INFO: InitialUEMessage (../src/amf/ngap-handler.c:401)
06/24 11:15:57.632: [amf] INFO: [Added] Number of gNB-UEs is now 1 (../src/amf/context.c:2662)
06/24 11:15:57.632: [amf] INFO: Unknown UE by 5G-S_TMSI[AMF_ID:0x20000,M_TMSI:0xc000001b] (../src/amf/ngap-handler.c:479)
06/24 11:15:57.632: [amf] INFO:     RAN_UE_NGAP_ID[3] AMF_UE_NGAP_ID[4] TAC[7] CellID[0x66c000] (../src/amf/ngap-handler.c:562)
06/24 11:15:57.632: [amf] INFO: Unknown UE by 5G-S_TMSI[AMF_ID:0x20040,M_TMSI:0xc000001b] (../src/amf/context.c:1862)
06/24 11:15:57.632: [amf] INFO: [Added] Number of AMF-UEs is now 1 (../src/amf/context.c:1621)
06/24 11:15:57.632: [gmm] INFO: Registration request (../src/amf/gmm-sm.c:1214)
06/24 11:15:57.632: [gmm] INFO: [Unknown ID]    5G-S_GUTI[AMF_ID:0x20040,M_TMSI:0xc000001b] (../src/amf/gmm-handler.c:185)
06/24 11:15:57.632: [gmm] ERROR: [UE:0x0:0x0], NEA0 can be used in Encrypt[0x0], but Integrity[0x0] cannot be bypassed with NIA0 (../src/amf/gmm-handler.c:326)
06/24 11:15:57.632: [gmm] ERROR: gmm_handle_registration_request() failed [23] (../src/amf/gmm-sm.c:1237)
06/24 11:15:57.632: [amf] WARNING: [(null)] Registration reject [23] (../src/amf/nas-path.c:205)
06/24 11:15:57.785: [amf] INFO: UE Context Release [Action:3] (../src/amf/ngap-handler.c:1696)
06/24 11:15:57.785: [amf] INFO:     RAN_UE_NGAP_ID[3] AMF_UE_NGAP_ID[4] (../src/amf/ngap-handler.c:1697)
06/24 11:15:57.785: [amf] INFO:     SUCI[Unknown] (../src/amf/ngap-handler.c:1701)
06/24 11:15:57.785: [amf] INFO: [Removed] Number of gNB-UEs is now 0 (../src/amf/context.c:2669)
06/24 11:15:57.785: [amf] INFO: [Removed] Number of AMF-UEs is now 0 (../src/amf/context.c:1718)
06/24 11:16:07.753: [amf] INFO: InitialUEMessage (../src/amf/ngap-handler.c:401)
06/24 11:16:07.753: [amf] INFO: [Added] Number of gNB-UEs is now 1 (../src/amf/context.c:2662)
06/24 11:16:07.753: [amf] INFO: Unknown UE by 5G-S_TMSI[AMF_ID:0x20000,M_TMSI:0xc000001b] (../src/amf/ngap-handler.c:479)
06/24 11:16:07.753: [amf] INFO:     RAN_UE_NGAP_ID[4] AMF_UE_NGAP_ID[5] TAC[7] CellID[0x66c000] (../src/amf/ngap-handler.c:562)
06/24 11:16:07.753: [amf] INFO: Unknown UE by 5G-S_TMSI[AMF_ID:0x20040,M_TMSI:0xc000001b] (../src/amf/context.c:1862)
06/24 11:16:07.753: [amf] INFO: [Added] Number of AMF-UEs is now 1 (../src/amf/context.c:1621)
06/24 11:16:07.753: [gmm] INFO: Registration request (../src/amf/gmm-sm.c:1214)
06/24 11:16:07.753: [gmm] INFO: [Unknown ID]    5G-S_GUTI[AMF_ID:0x20040,M_TMSI:0xc000001b] (../src/amf/gmm-handler.c:185)
06/24 11:16:07.753: [gmm] ERROR: [UE:0x0:0x0], NEA0 can be used in Encrypt[0x0], but Integrity[0x0] cannot be bypassed with NIA0 (../src/amf/gmm-handler.c:326)
06/24 11:16:07.753: [gmm] ERROR: gmm_handle_registration_request() failed [23] (../src/amf/gmm-sm.c:1237)
06/24 11:16:07.753: [amf] WARNING: [(null)] Registration reject [23] (../src/amf/nas-path.c:205)
06/24 11:16:07.906: [amf] INFO: UE Context Release [Action:3] (../src/amf/ngap-handler.c:1696)
06/24 11:16:07.906: [amf] INFO:     RAN_UE_NGAP_ID[4] AMF_UE_NGAP_ID[5] (../src/amf/ngap-handler.c:1697)
06/24 11:16:07.906: [amf] INFO:     SUCI[Unknown] (../src/amf/ngap-handler.c:1701)
06/24 11:16:07.906: [amf] INFO: [Removed] Number of gNB-UEs is now 0 (../src/amf/context.c:2669)
06/24 11:16:07.906: [amf] INFO: [Removed] Number of AMF-UEs is now 0 (../src/amf/context.c:1718)
06/24 11:16:32.855: [amf] INFO: gNB-N2[10.53.1.3] connection refused!!! (../src/amf/amf-sm.c:809)
06/24 11:16:32.855: [amf] INFO: [Removed] Number of gNBs is now 0 (../src/amf/context.c:1263)
Open5GS daemon v2.7.1

06/24 11:21:59.789: [app] INFO: Configuration: '/open5gs/install/etc/open5gs/amf.yaml' (../lib/app/ogs-init.c:133)
06/24 11:21:59.789: [app] INFO: File Logging: '/open5gs/install/var/log/open5gs/amf.log' (../lib/app/ogs-init.c:136)
06/24 11:21:59.791: [metrics] INFO: metrics_server() [http://127.0.0.5]:9090 (../lib/metrics/prometheus/context.c:299)
06/24 11:21:59.792: [sbi] INFO: NF Service [namf-comm] (../lib/sbi/context.c:1841)
06/24 11:21:59.792: [sbi] INFO: nghttp2_server() [http://127.0.0.5]:7777 (../lib/sbi/nghttp2-server.c:414)
06/24 11:21:59.792: [amf] INFO: ngap_server() [10.53.1.2]:38412 (../src/amf/ngap-sctp.c:61)
06/24 11:21:59.792: [sctp] INFO: AMF initialize...done (../src/amf/app.c:33)
06/24 11:21:59.793: [sbi] INFO: [f92f53ea-321b-41ef-8ecb-3fdc942d1085] NF registered [Heartbeat:10s] (../lib/sbi/nf-sm.c:221)
06/24 11:21:59.794: [sbi] INFO: [f92fce60-321b-41ef-8b79-659cc24ec018] Subscription created until 2024-06-25T11:21:59.794037+00:00 [duration:86400,validity:86399.999060,patch:43199.999530] (../lib/sbi/nnrf-handler.c:813)
06/24 11:21:59.795: [sbi] INFO: [f92fdb12-321b-41ef-8b79-659cc24ec018] Subscription created until 2024-06-25T11:21:59.794360+00:00 [duration:86400,validity:86399.999214,patch:43199.999607] (../lib/sbi/nnrf-handler.c:813)
06/24 11:21:59.795: [sbi] INFO: [f92fdf40-321b-41ef-8b79-659cc24ec018] Subscription created until 2024-06-25T11:21:59.794469+00:00 [duration:86400,validity:86399.999160,patch:43199.999580] (../lib/sbi/nnrf-handler.c:813)
06/24 11:21:59.795: [sbi] INFO: [f92fe080-321b-41ef-8b79-659cc24ec018] Subscription created until 2024-06-25T11:21:59.794497+00:00 [duration:86400,validity:86399.999082,patch:43199.999541] (../lib/sbi/nnrf-handler.c:813)
06/24 11:21:59.795: [sbi] INFO: [f92fe1ca-321b-41ef-8b79-659cc24ec018] Subscription created until 2024-06-25T11:21:59.794530+00:00 [duration:86400,validity:86399.998996,patch:43199.999498] (../lib/sbi/nnrf-handler.c:813)
06/24 11:21:59.795: [sbi] INFO: [f92fe2f6-321b-41ef-8b79-659cc24ec018] Subscription created until 2024-06-25T11:21:59.794560+00:00 [duration:86400,validity:86399.999010,patch:43199.999505] (../lib/sbi/nnrf-handler.c:813)
06/24 11:21:59.795: [sbi] INFO: [f92fe850-321b-41ef-8b79-659cc24ec018] Subscription created until 2024-06-25T11:21:59.794699+00:00 [duration:86400,validity:86399.999092,patch:43199.999546] (../lib/sbi/nnrf-handler.c:813)
06/24 11:21:59.828: [sbi] INFO: (NRF-notify) NF registered [f932ccbe-321b-41ef-96ed-e1d35e48999f:1] (../lib/sbi/nnrf-handler.c:1058)
06/24 11:21:59.828: [sbi] INFO: [SMF] (NRF-notify) NF Profile updated [f932ccbe-321b-41ef-96ed-e1d35e48999f:1] (../lib/sbi/nnrf-handler.c:1072)
06/24 11:22:01.558: [amf] INFO: gNB-N2 accepted[10.53.1.3]:35788 in ng-path module (../src/amf/ngap-sctp.c:113)
06/24 11:22:01.558: [amf] INFO: gNB-N2 accepted[10.53.1.3] in master_sm module (../src/amf/amf-sm.c:757)
06/24 11:22:01.562: [amf] INFO: [Added] Number of gNBs is now 1 (../src/amf/context.c:1236)
06/24 11:22:01.562: [amf] INFO: gNB-N2[10.53.1.3] max_num_of_ostreams : 30 (../src/amf/amf-sm.c:796)
06/24 11:24:46.040: [amf] INFO: gNB-N2[10.53.1.3] connection refused!!! (../src/amf/amf-sm.c:809)
06/24 11:24:46.040: [amf] INFO: [Removed] Number of gNBs is now 0 (../src/amf/context.c:1263)
Open5GS daemon v2.7.1

06/24 11:25:29.997: [app] INFO: Configuration: '/open5gs/install/etc/open5gs/amf.yaml' (../lib/app/ogs-init.c:133)
06/24 11:25:29.997: [app] INFO: File Logging: '/open5gs/install/var/log/open5gs/amf.log' (../lib/app/ogs-init.c:136)
06/24 11:25:29.999: [metrics] INFO: metrics_server() [http://127.0.0.5]:9090 (../lib/metrics/prometheus/context.c:299)
06/24 11:25:29.999: [sbi] INFO: NF Service [namf-comm] (../lib/sbi/context.c:1841)
06/24 11:25:29.999: [sbi] INFO: nghttp2_server() [http://127.0.0.5]:7777 (../lib/sbi/nghttp2-server.c:414)
06/24 11:25:29.999: [amf] INFO: ngap_server() [10.53.1.2]:38412 (../src/amf/ngap-sctp.c:61)
06/24 11:25:29.999: [sctp] INFO: AMF initialize...done (../src/amf/app.c:33)
06/24 11:25:30.000: [sbi] INFO: [767a7956-321c-41ef-9bc3-7f2ceb96c9fe] NF registered [Heartbeat:10s] (../lib/sbi/nf-sm.c:221)
06/24 11:25:30.000: [sbi] INFO: [767ac33e-321c-41ef-b38e-d7c5748ea019] Subscription created until 2024-06-25T11:25:30.000472+00:00 [duration:86400,validity:86399.999522,patch:43199.999761] (../lib/sbi/nnrf-handler.c:813)
06/24 11:25:30.000: [sbi] INFO: [767ac5c8-321c-41ef-b38e-d7c5748ea019] Subscription created until 2024-06-25T11:25:30.000534+00:00 [duration:86400,validity:86399.999562,patch:43199.999781] (../lib/sbi/nnrf-handler.c:813)
06/24 11:25:30.001: [sbi] INFO: [767ac8a2-321c-41ef-b38e-d7c5748ea019] Subscription created until 2024-06-25T11:25:30.000607+00:00 [duration:86400,validity:86399.999565,patch:43199.999782] (../lib/sbi/nnrf-handler.c:813)
06/24 11:25:30.001: [sbi] INFO: [767acaf0-321c-41ef-b38e-d7c5748ea019] Subscription created until 2024-06-25T11:25:30.000665+00:00 [duration:86400,validity:86399.999603,patch:43199.999801] (../lib/sbi/nnrf-handler.c:813)
06/24 11:25:30.001: [sbi] INFO: [767acf64-321c-41ef-b38e-d7c5748ea019] Subscription created until 2024-06-25T11:25:30.000780+00:00 [duration:86400,validity:86399.999570,patch:43199.999785] (../lib/sbi/nnrf-handler.c:813)
06/24 11:25:30.001: [sbi] INFO: [767ad130-321c-41ef-b38e-d7c5748ea019] Subscription created until 2024-06-25T11:25:30.000826+00:00 [duration:86400,validity:86399.999522,patch:43199.999761] (../lib/sbi/nnrf-handler.c:813)
06/24 11:25:30.001: [sbi] INFO: [767ad388-321c-41ef-b38e-d7c5748ea019] Subscription created until 2024-06-25T11:25:30.000886+00:00 [duration:86400,validity:86399.999566,patch:43199.999783] (../lib/sbi/nnrf-handler.c:813)
06/24 11:25:30.002: [sbi] INFO: (NRF-notify) NF registered [767ac2c6-321c-41ef-9033-cdd949847ed5:1] (../lib/sbi/nnrf-handler.c:1058)
06/24 11:25:30.002: [sbi] INFO: [PCF] (NRF-notify) NF Profile updated [767ac2c6-321c-41ef-9033-cdd949847ed5:1] (../lib/sbi/nnrf-handler.c:1072)
06/24 11:25:30.036: [sbi] INFO: (NRF-notify) NF registered [767debea-321c-41ef-a234-efd98968a5bb:1] (../lib/sbi/nnrf-handler.c:1058)
06/24 11:25:30.036: [sbi] INFO: [SMF] (NRF-notify) NF Profile updated [767debea-321c-41ef-a234-efd98968a5bb:1] (../lib/sbi/nnrf-handler.c:1072)
06/24 11:25:31.758: [amf] INFO: gNB-N2 accepted[10.53.1.3]:35434 in ng-path module (../src/amf/ngap-sctp.c:113)
06/24 11:25:31.758: [amf] INFO: gNB-N2 accepted[10.53.1.3] in master_sm module (../src/amf/amf-sm.c:757)
06/24 11:25:31.762: [amf] INFO: [Added] Number of gNBs is now 1 (../src/amf/context.c:1236)
06/24 11:25:31.762: [amf] INFO: gNB-N2[10.53.1.3] max_num_of_ostreams : 30 (../src/amf/amf-sm.c:796)
06/24 11:25:41.006: [sbi] INFO: (NRF-notify) NF registered [767a2cee-321c-41ef-b271-037e7ca0152a:1] (../lib/sbi/nnrf-handler.c:1058)
06/24 11:25:41.006: [sbi] INFO: [AUSF] (NRF-notify) NF Profile updated [767a2cee-321c-41ef-b271-037e7ca0152a:1] (../lib/sbi/nnrf-handler.c:1072)
06/24 11:25:41.006: [sbi] INFO: (NRF-notify) NF registered [767a2d0c-321c-41ef-a8d1-270c366ecab8:1] (../lib/sbi/nnrf-handler.c:1058)
06/24 11:25:41.006: [sbi] INFO: [UDM] (NRF-notify) NF Profile updated [767a2d0c-321c-41ef-a8d1-270c366ecab8:1] (../lib/sbi/nnrf-handler.c:1072)
06/24 11:25:41.006: [sbi] WARNING: [UDM] (NRF-notify) NF has already been added [767a2d0c-321c-41ef-a8d1-270c366ecab8:1] (../lib/sbi/nnrf-handler.c:1061)
06/24 11:25:41.006: [sbi] INFO: [UDM] (NRF-notify) NF Profile updated [767a2d0c-321c-41ef-a8d1-270c366ecab8:1] (../lib/sbi/nnrf-handler.c:1072)
06/24 11:25:41.006: [sbi] WARNING: NF EndPoint(addr) updated [127.0.0.12:80] (../lib/sbi/context.c:2210)
06/24 11:25:41.006: [sbi] WARNING: NF EndPoint(addr) updated [127.0.0.12:7777] (../lib/sbi/context.c:1946)
06/24 11:25:43.727: [amf] INFO: InitialUEMessage (../src/amf/ngap-handler.c:401)
06/24 11:25:43.727: [amf] INFO: [Added] Number of gNB-UEs is now 1 (../src/amf/context.c:2662)
06/24 11:25:43.727: [amf] INFO:     RAN_UE_NGAP_ID[0] AMF_UE_NGAP_ID[1] TAC[7] CellID[0x66c000] (../src/amf/ngap-handler.c:562)
06/24 11:25:43.727: [amf] INFO: Unknown UE by 5G-S_TMSI[AMF_ID:0x20040,M_TMSI:0xc000001b] (../src/amf/context.c:1862)
06/24 11:25:43.727: [amf] INFO: [Added] Number of AMF-UEs is now 1 (../src/amf/context.c:1621)
06/24 11:25:43.727: [gmm] INFO: Registration request (../src/amf/gmm-sm.c:1214)
06/24 11:25:43.727: [gmm] INFO: [Unknown ID]    5G-S_GUTI[AMF_ID:0x20040,M_TMSI:0xc000001b] (../src/amf/gmm-handler.c:185)
06/24 11:25:43.787: [gmm] INFO: Identity response (../src/amf/gmm-sm.c:1482)
06/24 11:25:43.787: [gmm] INFO: [suci-0-001-01-71-1-1-30a02e7c37117ed2f1af3f00f90cd54c7ea96a03d367b29b82ca87f437af0100fef6a548732b2460f595135351]    SUCI (../src/amf/gmm-handler.c:944)
06/24 11:25:43.847: [gmm] WARNING: Authentication failure(Synch failure) (../src/amf/gmm-sm.c:1719)
06/24 11:25:43.849: [amf] WARNING: NF EndPoint(addr) updated [127.0.0.11:7777] (../src/amf/nausf-handler.c:130)
06/24 11:25:43.951: [amf] WARNING: NF EndPoint(addr) updated [127.0.0.12:7777] (../src/amf/npcf-handler.c:143)
06/24 11:25:44.113: [gmm] INFO: [imsi-001010123456780] Registration complete (../src/amf/gmm-sm.c:2313)
06/24 11:25:44.113: [amf] INFO: [imsi-001010123456780] Configuration update command (../src/amf/nas-path.c:591)
06/24 11:25:44.113: [gmm] INFO:     UTC [2024-06-24T11:25:44] Timezone[0]/DST[0] (../src/amf/gmm-build.c:558)
06/24 11:25:44.113: [gmm] INFO:     LOCAL [2024-06-24T11:25:44] Timezone[0]/DST[0] (../src/amf/gmm-build.c:563)
06/24 11:25:46.880: [amf] INFO: UE Context Release [Action:2] (../src/amf/ngap-handler.c:1696)
06/24 11:25:46.880: [amf] INFO:     RAN_UE_NGAP_ID[0] AMF_UE_NGAP_ID[1] (../src/amf/ngap-handler.c:1697)
06/24 11:25:46.880: [amf] INFO:     SUCI[suci-0-001-01-71-1-1-30a02e7c37117ed2f1af3f00f90cd54c7ea96a03d367b29b82ca87f437af0100fef6a548732b2460f595135351] (../src/amf/ngap-handler.c:1701)
06/24 11:25:46.880: [amf] INFO: [Removed] Number of gNB-UEs is now 0 (../src/amf/context.c:2669)
06/24 11:25:57.089: [amf] INFO: InitialUEMessage (../src/amf/ngap-handler.c:401)
06/24 11:25:57.089: [amf] INFO: [Added] Number of gNB-UEs is now 1 (../src/amf/context.c:2662)
06/24 11:25:57.089: [amf] INFO: [suci-0-001-01-71-1-1-30a02e7c37117ed2f1af3f00f90cd54c7ea96a03d367b29b82ca87f437af0100fef6a548732b2460f595135351]    5G-S_TMSI[AMF_ID:0x20040,M_TMSI:0xc0000363] (../src/amf/ngap-handler.c:482)
06/24 11:25:57.089: [amf] INFO:     RAN_UE_NGAP_ID[1] AMF_UE_NGAP_ID[2] TAC[7] CellID[0x66c000] (../src/amf/ngap-handler.c:562)
06/24 11:25:57.089: [gmm] INFO: Service request (../src/amf/gmm-sm.c:1400)
06/24 11:25:57.089: [gmm] INFO: [suci-0-001-01-71-1-1-30a02e7c37117ed2f1af3f00f90cd54c7ea96a03d367b29b82ca87f437af0100fef6a548732b2460f595135351]    5G-S_GUTI[AMF_ID:0x20040,M_TMSI:0xc0000363] (../src/amf/gmm-handler.c:651)
06/24 11:25:57.233: [amf] INFO: [Added] Number of AMF-Sessions is now 1 (../src/amf/context.c:2683)
06/24 11:25:57.233: [gmm] INFO: UE SUPI[imsi-001010123456780] DNN[srsapn] S_NSSAI[SST:1 SD:0xffffff] smContextRef[NULL] smContextResourceURI[NULL] (../src/amf/gmm-handler.c:1285)
06/24 11:25:57.233: [gmm] INFO: SMF Instance [767debea-321c-41ef-a234-efd98968a5bb] (../src/amf/gmm-handler.c:1326)
06/24 11:25:57.310: [amf] INFO: [imsi-001010123456780:1:11][0:0:NULL] /nsmf-pdusession/v1/sm-contexts/{smContextRef}/modify (../src/amf/nsmf-handler.c:915)
06/24 11:30:08.324: [amf] INFO: gNB-N2[10.53.1.3] connection refused!!! (../src/amf/amf-sm.c:809)
06/24 11:30:08.324: [amf] INFO: [Removed] Number of gNBs is now 0 (../src/amf/context.c:1263)
06/24 11:30:08.325: [amf] INFO: [Removed] Number of gNB-UEs is now 0 (../src/amf/context.c:2669)
06/24 11:30:08.325: [amf] INFO: [imsi-001010123456780:1:51][0:0:NULL] /nsmf-pdusession/v1/sm-contexts/{smContextRef}/modify (../src/amf/nsmf-handler.c:915)
Open5GS daemon v2.7.1

06/24 11:37:42.973: [app] INFO: Configuration: '/open5gs/install/etc/open5gs/amf.yaml' (../lib/app/ogs-init.c:133)
06/24 11:37:42.973: [app] INFO: File Logging: '/open5gs/install/var/log/open5gs/amf.log' (../lib/app/ogs-init.c:136)
06/24 11:37:42.975: [metrics] INFO: metrics_server() [http://127.0.0.5]:9090 (../lib/metrics/prometheus/context.c:299)
06/24 11:37:42.975: [sbi] INFO: NF Service [namf-comm] (../lib/sbi/context.c:1841)
06/24 11:37:42.975: [sbi] INFO: nghttp2_server() [http://127.0.0.5]:7777 (../lib/sbi/nghttp2-server.c:414)
06/24 11:37:42.975: [amf] INFO: ngap_server() [10.53.1.2]:38412 (../src/amf/ngap-sctp.c:61)
06/24 11:37:42.975: [sctp] INFO: AMF initialize...done (../src/amf/app.c:33)
06/24 11:37:42.976: [sbi] INFO: [2b5db0e4-321e-41ef-8967-136638267147] NF registered [Heartbeat:10s] (../lib/sbi/nf-sm.c:221)
06/24 11:37:42.977: [sbi] INFO: [2b5e0706-321e-41ef-b751-43939f63bf96] Subscription created until 2024-06-25T11:37:42.976493+00:00 [duration:86400,validity:86399.998687,patch:43199.999343] (../lib/sbi/nnrf-handler.c:813)
06/24 11:37:42.977: [sbi] INFO: [2b5e18fe-321e-41ef-b751-43939f63bf96] Subscription created until 2024-06-25T11:37:42.976952+00:00 [duration:86400,validity:86399.999083,patch:43199.999541] (../lib/sbi/nnrf-handler.c:813)
06/24 11:37:42.977: [sbi] INFO: [2b5e1ab6-321e-41ef-b751-43939f63bf96] Subscription created until 2024-06-25T11:37:42.976993+00:00 [duration:86400,validity:86399.999095,patch:43199.999547] (../lib/sbi/nnrf-handler.c:813)
06/24 11:37:42.978: [sbi] INFO: [2b5e1bd8-321e-41ef-b751-43939f63bf96] Subscription created until 2024-06-25T11:37:42.977022+00:00 [duration:86400,validity:86399.999001,patch:43199.999500] (../lib/sbi/nnrf-handler.c:813)
06/24 11:37:42.978: [sbi] INFO: [2b5e28b2-321e-41ef-b751-43939f63bf96] Subscription created until 2024-06-25T11:37:42.977354+00:00 [duration:86400,validity:86399.999164,patch:43199.999582] (../lib/sbi/nnrf-handler.c:813)
06/24 11:37:42.978: [sbi] INFO: [2b5e2a4c-321e-41ef-b751-43939f63bf96] Subscription created until 2024-06-25T11:37:42.977392+00:00 [duration:86400,validity:86399.999075,patch:43199.999537] (../lib/sbi/nnrf-handler.c:813)
06/24 11:37:42.978: [sbi] INFO: [2b5e2c5e-321e-41ef-b751-43939f63bf96] Subscription created until 2024-06-25T11:37:42.977446+00:00 [duration:86400,validity:86399.998993,patch:43199.999496] (../lib/sbi/nnrf-handler.c:813)
06/24 11:37:43.013: [sbi] INFO: (NRF-notify) NF registered [2b614aba-321e-41ef-ae93-41fd97046f88:1] (../lib/sbi/nnrf-handler.c:1058)
06/24 11:37:43.013: [sbi] INFO: [SMF] (NRF-notify) NF Profile updated [2b614aba-321e-41ef-ae93-41fd97046f88:1] (../lib/sbi/nnrf-handler.c:1072)
06/24 11:37:44.747: [amf] INFO: gNB-N2 accepted[10.53.1.3]:58704 in ng-path module (../src/amf/ngap-sctp.c:113)
06/24 11:37:44.747: [amf] INFO: gNB-N2 accepted[10.53.1.3] in master_sm module (../src/amf/amf-sm.c:757)
06/24 11:37:44.753: [amf] INFO: [Added] Number of gNBs is now 1 (../src/amf/context.c:1236)
06/24 11:37:44.753: [amf] INFO: gNB-N2[10.53.1.3] max_num_of_ostreams : 30 (../src/amf/amf-sm.c:796)
06/24 11:37:49.550: [amf] INFO: gNB-N2[10.53.1.3] connection refused!!! (../src/amf/amf-sm.c:809)
06/24 11:37:49.550: [amf] INFO: [Removed] Number of gNBs is now 0 (../src/amf/context.c:1263)
06/24 11:37:53.978: [sbi] INFO: (NRF-notify) NF registered [2b5d5cf2-321e-41ef-a497-317d2feaf5ca:1] (../lib/sbi/nnrf-handler.c:1058)
06/24 11:37:53.978: [sbi] INFO: [AUSF] (NRF-notify) NF Profile updated [2b5d5cf2-321e-41ef-a497-317d2feaf5ca:1] (../lib/sbi/nnrf-handler.c:1072)
Open5GS daemon v2.7.1

06/24 11:44:57.572: [app] INFO: Configuration: '/open5gs/install/etc/open5gs/amf.yaml' (../lib/app/ogs-init.c:133)
06/24 11:44:57.572: [app] INFO: File Logging: '/open5gs/install/var/log/open5gs/amf.log' (../lib/app/ogs-init.c:136)
06/24 11:44:57.574: [metrics] INFO: metrics_server() [http://127.0.0.5]:9090 (../lib/metrics/prometheus/context.c:299)
06/24 11:44:57.574: [sbi] INFO: NF Service [namf-comm] (../lib/sbi/context.c:1841)
06/24 11:44:57.574: [sbi] INFO: nghttp2_server() [http://127.0.0.5]:7777 (../lib/sbi/nghttp2-server.c:414)
06/24 11:44:57.574: [amf] INFO: ngap_server() [10.53.1.2]:38412 (../src/amf/ngap-sctp.c:61)
06/24 11:44:57.574: [sctp] INFO: AMF initialize...done (../src/amf/app.c:33)
06/24 11:44:57.575: [sbi] INFO: [2e6845d2-321f-41ef-9919-17fbb4274bbb] NF registered [Heartbeat:10s] (../lib/sbi/nf-sm.c:221)
06/24 11:44:57.576: [sbi] INFO: [2e68a536-321f-41ef-a6bf-5ddb58e284a6] Subscription created until 2024-06-25T11:44:57.575971+00:00 [duration:86400,validity:86399.999369,patch:43199.999684] (../lib/sbi/nnrf-handler.c:813)
06/24 11:44:57.576: [sbi] INFO: [2e68a7ac-321f-41ef-a6bf-5ddb58e284a6] Subscription created until 2024-06-25T11:44:57.576032+00:00 [duration:86400,validity:86399.999405,patch:43199.999702] (../lib/sbi/nnrf-handler.c:813)
06/24 11:44:57.576: [sbi] INFO: [2e68aa72-321f-41ef-a6bf-5ddb58e284a6] Subscription created until 2024-06-25T11:44:57.576103+00:00 [duration:86400,validity:86399.999434,patch:43199.999717] (../lib/sbi/nnrf-handler.c:813)
06/24 11:44:57.576: [sbi] INFO: [2e68ab3a-321f-41ef-a6bf-5ddb58e284a6] Subscription created until 2024-06-25T11:44:57.576122+00:00 [duration:86400,validity:86399.999424,patch:43199.999712] (../lib/sbi/nnrf-handler.c:813)
06/24 11:44:57.576: [sbi] INFO: (NRF-notify) NF registered [2e6872be-321f-41ef-ab2c-0927206d2440:1] (../lib/sbi/nnrf-handler.c:1058)
06/24 11:44:57.576: [sbi] INFO: [PCF] (NRF-notify) NF Profile updated [2e6872be-321f-41ef-ab2c-0927206d2440:1] (../lib/sbi/nnrf-handler.c:1072)
06/24 11:44:57.577: [sbi] INFO: [2e68abda-321f-41ef-a6bf-5ddb58e284a6] Subscription created until 2024-06-25T11:44:57.576138+00:00 [duration:86400,validity:86399.998964,patch:43199.999482] (../lib/sbi/nnrf-handler.c:813)
06/24 11:44:57.577: [sbi] INFO: [2e68b364-321f-41ef-a6bf-5ddb58e284a6] Subscription created until 2024-06-25T11:44:57.576333+00:00 [duration:86400,validity:86399.999112,patch:43199.999556] (../lib/sbi/nnrf-handler.c:813)
06/24 11:44:57.577: [sbi] INFO: [2e68b530-321f-41ef-a6bf-5ddb58e284a6] Subscription created until 2024-06-25T11:44:57.576379+00:00 [duration:86400,validity:86399.999063,patch:43199.999531] (../lib/sbi/nnrf-handler.c:813)
06/24 11:44:57.611: [sbi] INFO: (NRF-notify) NF registered [2e6bc360-321f-41ef-805d-694227ec2ac7:1] (../lib/sbi/nnrf-handler.c:1058)
06/24 11:44:57.611: [sbi] INFO: [SMF] (NRF-notify) NF Profile updated [2e6bc360-321f-41ef-805d-694227ec2ac7:1] (../lib/sbi/nnrf-handler.c:1072)
06/24 11:44:59.309: [amf] INFO: gNB-N2 accepted[10.53.1.3]:37737 in ng-path module (../src/amf/ngap-sctp.c:113)
06/24 11:44:59.309: [amf] INFO: gNB-N2 accepted[10.53.1.3] in master_sm module (../src/amf/amf-sm.c:757)
06/24 11:44:59.313: [amf] INFO: [Added] Number of gNBs is now 1 (../src/amf/context.c:1236)
06/24 11:44:59.313: [amf] INFO: gNB-N2[10.53.1.3] max_num_of_ostreams : 30 (../src/amf/amf-sm.c:796)
06/24 11:45:08.575: [sbi] INFO: (NRF-notify) NF registered [2e67fd34-321f-41ef-87ae-6f0d015c0aaa:1] (../lib/sbi/nnrf-handler.c:1058)
06/24 11:45:08.575: [sbi] INFO: [AUSF] (NRF-notify) NF Profile updated [2e67fd34-321f-41ef-87ae-6f0d015c0aaa:1] (../lib/sbi/nnrf-handler.c:1072)
06/24 11:45:46.474: [amf] INFO: InitialUEMessage (../src/amf/ngap-handler.c:401)
06/24 11:45:46.474: [amf] INFO: [Added] Number of gNB-UEs is now 1 (../src/amf/context.c:2662)
06/24 11:45:46.474: [amf] INFO: Unknown UE by 5G-S_TMSI[AMF_ID:0x20000,M_TMSI:0xc0000363] (../src/amf/ngap-handler.c:479)
06/24 11:45:46.474: [amf] INFO:     RAN_UE_NGAP_ID[0] AMF_UE_NGAP_ID[1] TAC[7] CellID[0x66c000] (../src/amf/ngap-handler.c:562)
06/24 11:45:46.474: [amf] INFO: Unknown UE by 5G-S_TMSI[AMF_ID:0x20040,M_TMSI:0xc0000363] (../src/amf/context.c:1862)
06/24 11:45:46.474: [amf] INFO: [Added] Number of AMF-UEs is now 1 (../src/amf/context.c:1621)
06/24 11:45:46.474: [gmm] INFO: Registration request (../src/amf/gmm-sm.c:1214)
06/24 11:45:46.474: [gmm] INFO: [Unknown ID]    5G-S_GUTI[AMF_ID:0x20040,M_TMSI:0xc0000363] (../src/amf/gmm-handler.c:185)
06/24 11:45:46.515: [gmm] INFO: Identity response (../src/amf/gmm-sm.c:1482)
06/24 11:45:46.515: [gmm] INFO: [suci-0-001-01-71-1-1-05565a25007f5a9238cfbad6a5e6d392d9575de41fd5f63b0cb5b8f66247e83e836db9bd962b38381942e55372]    SUCI (../src/amf/gmm-handler.c:944)
06/24 11:45:46.554: [gmm] WARNING: Authentication failure(Synch failure) (../src/amf/gmm-sm.c:1719)
06/24 11:45:46.555: [amf] WARNING: NF EndPoint(addr) updated [127.0.0.11:7777] (../src/amf/nausf-handler.c:130)
06/24 11:45:46.654: [sbi] INFO: [UDM] (SCP-discover) NF registered [2e68063a-321f-41ef-8261-c3989e41bb0b:1] (../lib/sbi/path.c:211)
06/24 11:45:46.655: [sbi] WARNING: [UDM] (SCP-discover) NF has already been added [2e68063a-321f-41ef-8261-c3989e41bb0b:2] (../lib/sbi/path.c:216)
06/24 11:45:46.658: [amf] WARNING: NF EndPoint(addr) updated [127.0.0.12:7777] (../src/amf/npcf-handler.c:143)
06/24 11:45:46.821: [gmm] INFO: [imsi-001010123456780] Registration complete (../src/amf/gmm-sm.c:2313)
06/24 11:45:46.821: [amf] INFO: [imsi-001010123456780] Configuration update command (../src/amf/nas-path.c:591)
06/24 11:45:46.821: [gmm] INFO:     UTC [2024-06-24T11:45:46] Timezone[0]/DST[0] (../src/amf/gmm-build.c:558)
06/24 11:45:46.821: [gmm] INFO:     LOCAL [2024-06-24T11:45:46] Timezone[0]/DST[0] (../src/amf/gmm-build.c:563)
06/24 11:45:49.626: [amf] INFO: UE Context Release [Action:2] (../src/amf/ngap-handler.c:1696)
06/24 11:45:49.626: [amf] INFO:     RAN_UE_NGAP_ID[0] AMF_UE_NGAP_ID[1] (../src/amf/ngap-handler.c:1697)
06/24 11:45:49.627: [amf] INFO:     SUCI[suci-0-001-01-71-1-1-05565a25007f5a9238cfbad6a5e6d392d9575de41fd5f63b0cb5b8f66247e83e836db9bd962b38381942e55372] (../src/amf/ngap-handler.c:1701)
06/24 11:45:49.627: [amf] INFO: [Removed] Number of gNB-UEs is now 0 (../src/amf/context.c:2669)
06/24 11:45:49.749: [amf] INFO: InitialUEMessage (../src/amf/ngap-handler.c:401)
06/24 11:45:49.749: [amf] INFO: [Added] Number of gNB-UEs is now 1 (../src/amf/context.c:2662)
06/24 11:45:49.749: [amf] INFO: [suci-0-001-01-71-1-1-05565a25007f5a9238cfbad6a5e6d392d9575de41fd5f63b0cb5b8f66247e83e836db9bd962b38381942e55372]    5G-S_TMSI[AMF_ID:0x20040,M_TMSI:0xc000016b] (../src/amf/ngap-handler.c:482)
06/24 11:45:49.749: [amf] INFO:     RAN_UE_NGAP_ID[1] AMF_UE_NGAP_ID[2] TAC[7] CellID[0x66c000] (../src/amf/ngap-handler.c:562)
06/24 11:45:49.749: [gmm] INFO: Service request (../src/amf/gmm-sm.c:1400)
06/24 11:45:49.749: [gmm] INFO: [suci-0-001-01-71-1-1-05565a25007f5a9238cfbad6a5e6d392d9575de41fd5f63b0cb5b8f66247e83e836db9bd962b38381942e55372]    5G-S_GUTI[AMF_ID:0x20040,M_TMSI:0xc000016b] (../src/amf/gmm-handler.c:651)
06/24 11:45:49.897: [amf] INFO: [Added] Number of AMF-Sessions is now 1 (../src/amf/context.c:2683)
06/24 11:45:49.897: [gmm] INFO: UE SUPI[imsi-001010123456780] DNN[srsapn] S_NSSAI[SST:1 SD:0xffffff] smContextRef[NULL] smContextResourceURI[NULL] (../src/amf/gmm-handler.c:1285)
06/24 11:45:49.897: [gmm] INFO: SMF Instance [2e6bc360-321f-41ef-805d-694227ec2ac7] (../src/amf/gmm-handler.c:1326)
06/24 11:45:49.977: [amf] INFO: [imsi-001010123456780:1:11][0:0:NULL] /nsmf-pdusession/v1/sm-contexts/{smContextRef}/modify (../src/amf/nsmf-handler.c:915)
06/24 11:54:21.209: [amf] INFO: gNB-N2[10.53.1.3] connection refused!!! (../src/amf/amf-sm.c:809)
06/24 11:54:21.209: [amf] INFO: [Removed] Number of gNBs is now 0 (../src/amf/context.c:1263)
06/24 11:54:21.210: [amf] INFO: [Removed] Number of gNB-UEs is now 0 (../src/amf/context.c:2669)
06/24 11:54:21.210: [amf] INFO: [imsi-001010123456780:1:51][0:0:NULL] /nsmf-pdusession/v1/sm-contexts/{smContextRef}/modify (../src/amf/nsmf-handler.c:915)
Open5GS daemon v2.7.1

06/24 12:22:09.384: [app] INFO: Configuration: '/open5gs/install/etc/open5gs/amf.yaml' (../lib/app/ogs-init.c:133)
06/24 12:22:09.384: [app] INFO: File Logging: '/open5gs/install/var/log/open5gs/amf.log' (../lib/app/ogs-init.c:136)
06/24 12:22:09.386: [metrics] INFO: metrics_server() [http://127.0.0.5]:9090 (../lib/metrics/prometheus/context.c:299)
06/24 12:22:09.386: [sbi] INFO: NF Service [namf-comm] (../lib/sbi/context.c:1841)
06/24 12:22:09.386: [sbi] INFO: nghttp2_server() [http://127.0.0.5]:7777 (../lib/sbi/nghttp2-server.c:414)
06/24 12:22:09.386: [amf] INFO: ngap_server() [10.53.1.2]:38412 (../src/amf/ngap-sctp.c:61)
06/24 12:22:09.386: [sctp] INFO: AMF initialize...done (../src/amf/app.c:33)
06/24 12:22:09.387: [sbi] INFO: [60abc3c0-3224-41ef-a461-9da4ba2d6fe3] NF registered [Heartbeat:10s] (../lib/sbi/nf-sm.c:221)
06/24 12:22:09.388: [sbi] INFO: [60ac2414-3224-41ef-8aee-31c2320fc559] Subscription created until 2024-06-25T12:22:09.388039+00:00 [duration:86400,validity:86399.999402,patch:43199.999701] (../lib/sbi/nnrf-handler.c:813)
06/24 12:22:09.388: [sbi] INFO: [60ac273e-3224-41ef-8aee-31c2320fc559] Subscription created until 2024-06-25T12:22:09.388118+00:00 [duration:86400,validity:86399.999267,patch:43199.999633] (../lib/sbi/nnrf-handler.c:813)
06/24 12:22:09.388: [sbi] INFO: [60ac2b9e-3224-41ef-8aee-31c2320fc559] Subscription created until 2024-06-25T12:22:09.388230+00:00 [duration:86400,validity:86399.999315,patch:43199.999657] (../lib/sbi/nnrf-handler.c:813)
06/24 12:22:09.388: [sbi] INFO: [60ac2f72-3224-41ef-8aee-31c2320fc559] Subscription created until 2024-06-25T12:22:09.388327+00:00 [duration:86400,validity:86399.999395,patch:43199.999697] (../lib/sbi/nnrf-handler.c:813)
06/24 12:22:09.388: [sbi] INFO: [60ac344a-3224-41ef-8aee-31c2320fc559] Subscription created until 2024-06-25T12:22:09.388452+00:00 [duration:86400,validity:86399.999483,patch:43199.999741] (../lib/sbi/nnrf-handler.c:813)
06/24 12:22:09.389: [sbi] INFO: [60ac3792-3224-41ef-8aee-31c2320fc559] Subscription created until 2024-06-25T12:22:09.388535+00:00 [duration:86400,validity:86399.999523,patch:43199.999761] (../lib/sbi/nnrf-handler.c:813)
06/24 12:22:09.389: [sbi] INFO: [60ac3954-3224-41ef-8aee-31c2320fc559] Subscription created until 2024-06-25T12:22:09.388580+00:00 [duration:86400,validity:86399.999419,patch:43199.999709] (../lib/sbi/nnrf-handler.c:813)
06/24 12:22:09.389: [sbi] INFO: (NRF-notify) NF registered [60abf4e4-3224-41ef-b26c-fb3f69badd76:1] (../lib/sbi/nnrf-handler.c:1058)
06/24 12:22:09.389: [sbi] INFO: [PCF] (NRF-notify) NF Profile updated [60abf4e4-3224-41ef-b26c-fb3f69badd76:1] (../lib/sbi/nnrf-handler.c:1072)
06/24 12:22:09.423: [sbi] INFO: (NRF-notify) NF registered [60af52ec-3224-41ef-b8c1-83077d19dae5:1] (../lib/sbi/nnrf-handler.c:1058)
06/24 12:22:09.423: [sbi] INFO: [SMF] (NRF-notify) NF Profile updated [60af52ec-3224-41ef-b8c1-83077d19dae5:1] (../lib/sbi/nnrf-handler.c:1072)
06/24 12:22:11.101: [amf] INFO: gNB-N2 accepted[10.53.1.3]:42337 in ng-path module (../src/amf/ngap-sctp.c:113)
06/24 12:22:11.101: [amf] INFO: gNB-N2 accepted[10.53.1.3] in master_sm module (../src/amf/amf-sm.c:757)
06/24 12:22:11.104: [amf] INFO: [Added] Number of gNBs is now 1 (../src/amf/context.c:1236)
06/24 12:22:11.104: [amf] INFO: gNB-N2[10.53.1.3] max_num_of_ostreams : 30 (../src/amf/amf-sm.c:796)
06/24 12:22:33.789: [amf] INFO: InitialUEMessage (../src/amf/ngap-handler.c:401)
06/24 12:22:33.789: [amf] INFO: [Added] Number of gNB-UEs is now 1 (../src/amf/context.c:2662)
06/24 12:22:33.789: [amf] INFO: Unknown UE by 5G-S_TMSI[AMF_ID:0x20000,M_TMSI:0xc000016b] (../src/amf/ngap-handler.c:479)
06/24 12:22:33.789: [amf] INFO:     RAN_UE_NGAP_ID[0] AMF_UE_NGAP_ID[1] TAC[7] CellID[0x66c000] (../src/amf/ngap-handler.c:562)
06/24 12:22:33.789: [amf] INFO: Unknown UE by 5G-S_TMSI[AMF_ID:0x20040,M_TMSI:0xc000016b] (../src/amf/context.c:1862)
06/24 12:22:33.789: [amf] INFO: [Added] Number of AMF-UEs is now 1 (../src/amf/context.c:1621)
06/24 12:22:33.789: [gmm] INFO: Registration request (../src/amf/gmm-sm.c:1214)
06/24 12:22:33.789: [gmm] INFO: [Unknown ID]    5G-S_GUTI[AMF_ID:0x20040,M_TMSI:0xc000016b] (../src/amf/gmm-handler.c:185)
06/24 12:22:33.828: [gmm] INFO: Identity response (../src/amf/gmm-sm.c:1482)
06/24 12:22:33.828: [gmm] INFO: [suci-0-001-01-71-1-1-da609fc2d153db46406a09eb16f37d27a85dc6308b99529e20ad1fd7643a2114b05add2e4286d13a37f1dc099b]    SUCI (../src/amf/gmm-handler.c:944)
06/24 12:22:33.831: [sbi] INFO: [AUSF] (SCP-discover) NF registered [60ab8752-3224-41ef-937a-0da3025365ea:1] (../lib/sbi/path.c:211)
06/24 12:22:33.868: [gmm] WARNING: Authentication failure(Synch failure) (../src/amf/gmm-sm.c:1719)
06/24 12:22:33.870: [amf] WARNING: NF EndPoint(addr) updated [127.0.0.11:7777] (../src/amf/nausf-handler.c:130)
06/24 12:22:33.969: [sbi] INFO: [UDM] (SCP-discover) NF registered [60ab8bf8-3224-41ef-a5aa-85e26f868da9:1] (../lib/sbi/path.c:211)
06/24 12:22:33.969: [sbi] WARNING: [UDM] (SCP-discover) NF has already been added [60ab8bf8-3224-41ef-a5aa-85e26f868da9:2] (../lib/sbi/path.c:216)
06/24 12:22:33.972: [amf] WARNING: NF EndPoint(addr) updated [127.0.0.12:7777] (../src/amf/npcf-handler.c:143)
06/24 12:22:34.133: [gmm] INFO: [imsi-001010123456780] Registration complete (../src/amf/gmm-sm.c:2313)
06/24 12:22:34.133: [amf] INFO: [imsi-001010123456780] Configuration update command (../src/amf/nas-path.c:591)
06/24 12:22:34.133: [gmm] INFO:     UTC [2024-06-24T12:22:34] Timezone[0]/DST[0] (../src/amf/gmm-build.c:558)
06/24 12:22:34.133: [gmm] INFO:     LOCAL [2024-06-24T12:22:34] Timezone[0]/DST[0] (../src/amf/gmm-build.c:563)
06/24 12:22:36.942: [amf] INFO: UE Context Release [Action:2] (../src/amf/ngap-handler.c:1696)
06/24 12:22:36.942: [amf] INFO:     RAN_UE_NGAP_ID[0] AMF_UE_NGAP_ID[1] (../src/amf/ngap-handler.c:1697)
06/24 12:22:36.942: [amf] INFO:     SUCI[suci-0-001-01-71-1-1-da609fc2d153db46406a09eb16f37d27a85dc6308b99529e20ad1fd7643a2114b05add2e4286d13a37f1dc099b] (../src/amf/ngap-handler.c:1701)
06/24 12:22:36.942: [amf] INFO: [Removed] Number of gNB-UEs is now 0 (../src/amf/context.c:2669)
06/24 12:22:42.102: [amf] INFO: gNB-N2[10.53.1.3] connection refused!!! (../src/amf/amf-sm.c:809)
06/24 12:22:42.102: [amf] INFO: [Removed] Number of gNBs is now 0 (../src/amf/context.c:1263)
