Open5GS daemon v2.7.1

06/24 11:14:42.911: [app] INFO: Configuration: '/open5gs/install/etc/open5gs/ausf.yaml' (../lib/app/ogs-init.c:133)
06/24 11:14:42.911: [app] INFO: File Logging: '/open5gs/install/var/log/open5gs/ausf.log' (../lib/app/ogs-init.c:136)
06/24 11:14:42.913: [sbi] INFO: NF Service [nausf-auth] (../lib/sbi/context.c:1841)
06/24 11:14:42.913: [sbi] INFO: nghttp2_server() [http://127.0.0.11]:7777 (../lib/sbi/nghttp2-server.c:414)
06/24 11:14:42.913: [app] INFO: AUSF initialize...done (../src/ausf/app.c:31)
06/24 11:14:42.914: [sbi] INFO: [f4c90dce-321a-41ef-86b5-cb906236fae1] NF registered [Heartbeat:10s] (../lib/sbi/nf-sm.c:221)
06/24 11:14:42.916: [sbi] INFO: [f4c96396-321a-41ef-8a54-bb03ef1de036] Subscription created until 2024-06-25T11:14:42.915219+00:00 [duration:86400,validity:86399.999200,patch:43199.999600] (../lib/sbi/nnrf-handler.c:813)
06/24 11:14:42.916: [sbi] INFO: [f4c9681e-321a-41ef-8a54-bb03ef1de036] Subscription created until 2024-06-25T11:14:42.915334+00:00 [duration:86400,validity:86399.999145,patch:43199.999572] (../lib/sbi/nnrf-handler.c:813)
Open5GS daemon v2.7.1

06/24 11:21:59.787: [app] INFO: Configuration: '/open5gs/install/etc/open5gs/ausf.yaml' (../lib/app/ogs-init.c:133)
06/24 11:21:59.787: [app] INFO: File Logging: '/open5gs/install/var/log/open5gs/ausf.log' (../lib/app/ogs-init.c:136)
06/24 11:21:59.788: [sbi] INFO: NF Service [nausf-auth] (../lib/sbi/context.c:1841)
06/24 11:21:59.788: [sbi] INFO: nghttp2_server() [http://127.0.0.11]:7777 (../lib/sbi/nghttp2-server.c:414)
06/24 11:21:59.788: [app] INFO: AUSF initialize...done (../src/ausf/app.c:31)
06/24 11:21:59.790: [sbi] INFO: [f92ef90e-321b-41ef-9eb4-b9034da6d7ec] NF registered [Heartbeat:10s] (../lib/sbi/nf-sm.c:221)
06/24 11:21:59.791: [sbi] INFO: [f92f5516-321b-41ef-8b79-659cc24ec018] Subscription created until 2024-06-25T11:21:59.790930+00:00 [duration:86400,validity:86399.999072,patch:43199.999536] (../lib/sbi/nnrf-handler.c:813)
06/24 11:21:59.792: [sbi] INFO: [f92f60e2-321b-41ef-8b79-659cc24ec018] Subscription created until 2024-06-25T11:21:59.791231+00:00 [duration:86400,validity:86399.999113,patch:43199.999556] (../lib/sbi/nnrf-handler.c:813)
Open5GS daemon v2.7.1

06/24 11:25:29.995: [app] INFO: Configuration: '/open5gs/install/etc/open5gs/ausf.yaml' (../lib/app/ogs-init.c:133)
06/24 11:25:29.995: [app] INFO: File Logging: '/open5gs/install/var/log/open5gs/ausf.log' (../lib/app/ogs-init.c:136)
06/24 11:25:29.996: [sbi] INFO: NF Service [nausf-auth] (../lib/sbi/context.c:1841)
06/24 11:25:29.996: [sbi] INFO: nghttp2_server() [http://127.0.0.11]:7777 (../lib/sbi/nghttp2-server.c:414)
06/24 11:25:29.997: [app] INFO: AUSF initialize...done (../src/ausf/app.c:31)
06/24 11:25:29.997: [sbi] WARNING: [7] Failed to connect to 127.0.0.22 port 7777 after 0 ms: Connection refused (../lib/sbi/client.c:698)
06/24 11:25:29.997: [sbi] WARNING: ogs_sbi_client_handler() failed [-1] (../lib/sbi/path.c:62)
06/24 11:25:41.005: [sbi] WARNING: [767a2cee-321c-41ef-b271-037e7ca0152a] Retry registration with NRF (../lib/sbi/nf-sm.c:182)
06/24 11:25:41.006: [sbi] INFO: [767a2cee-321c-41ef-b271-037e7ca0152a] NF registered [Heartbeat:10s] (../lib/sbi/nf-sm.c:221)
06/24 11:25:41.007: [sbi] INFO: [7d0a2cda-321c-41ef-b38e-d7c5748ea019] Subscription created until 2024-06-25T11:25:41.006671+00:00 [duration:86400,validity:86399.999654,patch:43199.999827] (../lib/sbi/nnrf-handler.c:813)
06/24 11:25:41.007: [sbi] INFO: [7d0a2e38-321c-41ef-b38e-d7c5748ea019] Subscription created until 2024-06-25T11:25:41.006702+00:00 [duration:86400,validity:86399.999662,patch:43199.999831] (../lib/sbi/nnrf-handler.c:813)
06/24 11:25:43.789: [sbi] INFO: [UDM] (SCP-discover) NF registered [767a2d0c-321c-41ef-a8d1-270c366ecab8:1] (../lib/sbi/path.c:211)
Open5GS daemon v2.7.1

06/24 11:37:42.970: [app] INFO: Configuration: '/open5gs/install/etc/open5gs/ausf.yaml' (../lib/app/ogs-init.c:133)
06/24 11:37:42.970: [app] INFO: File Logging: '/open5gs/install/var/log/open5gs/ausf.log' (../lib/app/ogs-init.c:136)
06/24 11:37:42.972: [sbi] INFO: NF Service [nausf-auth] (../lib/sbi/context.c:1841)
06/24 11:37:42.972: [sbi] INFO: nghttp2_server() [http://127.0.0.11]:7777 (../lib/sbi/nghttp2-server.c:414)
06/24 11:37:42.972: [app] INFO: AUSF initialize...done (../src/ausf/app.c:31)
06/24 11:37:42.972: [sbi] WARNING: [7] Failed to connect to 127.0.0.22 port 7777 after 0 ms: Connection refused (../lib/sbi/client.c:698)
06/24 11:37:42.972: [sbi] WARNING: ogs_sbi_client_handler() failed [-1] (../lib/sbi/path.c:62)
06/24 11:37:53.977: [sbi] WARNING: [2b5d5cf2-321e-41ef-a497-317d2feaf5ca] Retry registration with NRF (../lib/sbi/nf-sm.c:182)
06/24 11:37:53.978: [sbi] INFO: [2b5d5cf2-321e-41ef-a497-317d2feaf5ca] NF registered [Heartbeat:10s] (../lib/sbi/nf-sm.c:221)
06/24 11:37:53.979: [sbi] INFO: [31ecdae8-321e-41ef-b751-43939f63bf96] Subscription created until 2024-06-25T11:37:53.978855+00:00 [duration:86400,validity:86399.999764,patch:43199.999882] (../lib/sbi/nnrf-handler.c:813)
06/24 11:37:53.979: [sbi] INFO: [31ecdcfa-321e-41ef-b751-43939f63bf96] Subscription created until 2024-06-25T11:37:53.978910+00:00 [duration:86400,validity:86399.999749,patch:43199.999874] (../lib/sbi/nnrf-handler.c:813)
Open5GS daemon v2.7.1

06/24 11:44:57.570: [app] INFO: Configuration: '/open5gs/install/etc/open5gs/ausf.yaml' (../lib/app/ogs-init.c:133)
06/24 11:44:57.570: [app] INFO: File Logging: '/open5gs/install/var/log/open5gs/ausf.log' (../lib/app/ogs-init.c:136)
06/24 11:44:57.571: [sbi] INFO: NF Service [nausf-auth] (../lib/sbi/context.c:1841)
06/24 11:44:57.571: [sbi] INFO: nghttp2_server() [http://127.0.0.11]:7777 (../lib/sbi/nghttp2-server.c:414)
06/24 11:44:57.571: [app] INFO: AUSF initialize...done (../src/ausf/app.c:31)
06/24 11:44:57.572: [sbi] WARNING: [7] Failed to connect to 127.0.0.22 port 7777 after 0 ms: Connection refused (../lib/sbi/client.c:698)
06/24 11:44:57.572: [sbi] WARNING: ogs_sbi_client_handler() failed [-1] (../lib/sbi/path.c:62)
06/24 11:45:08.574: [sbi] WARNING: [2e67fd34-321f-41ef-87ae-6f0d015c0aaa] Retry registration with NRF (../lib/sbi/nf-sm.c:182)
06/24 11:45:08.575: [sbi] INFO: [2e67fd34-321f-41ef-87ae-6f0d015c0aaa] NF registered [Heartbeat:10s] (../lib/sbi/nf-sm.c:221)
06/24 11:45:08.575: [sbi] INFO: [34f70dde-321f-41ef-a6bf-5ddb58e284a6] Subscription created until 2024-06-25T11:45:08.575592+00:00 [duration:86400,validity:86399.999695,patch:43199.999847] (../lib/sbi/nnrf-handler.c:813)
06/24 11:45:08.575: [sbi] INFO: [34f71068-321f-41ef-a6bf-5ddb58e284a6] Subscription created until 2024-06-25T11:45:08.575654+00:00 [duration:86400,validity:86399.999697,patch:43199.999848] (../lib/sbi/nnrf-handler.c:813)
06/24 11:45:46.517: [sbi] INFO: [UDM] (SCP-discover) NF registered [2e68063a-321f-41ef-8261-c3989e41bb0b:1] (../lib/sbi/path.c:211)
Open5GS daemon v2.7.1

06/24 12:22:09.382: [app] INFO: Configuration: '/open5gs/install/etc/open5gs/ausf.yaml' (../lib/app/ogs-init.c:133)
06/24 12:22:09.382: [app] INFO: File Logging: '/open5gs/install/var/log/open5gs/ausf.log' (../lib/app/ogs-init.c:136)
06/24 12:22:09.384: [sbi] INFO: NF Service [nausf-auth] (../lib/sbi/context.c:1841)
06/24 12:22:09.384: [sbi] INFO: nghttp2_server() [http://127.0.0.11]:7777 (../lib/sbi/nghttp2-server.c:414)
06/24 12:22:09.384: [app] INFO: AUSF initialize...done (../src/ausf/app.c:31)
06/24 12:22:09.385: [sbi] INFO: [60ab8752-3224-41ef-937a-0da3025365ea] NF registered [Heartbeat:10s] (../lib/sbi/nf-sm.c:221)
06/24 12:22:09.386: [sbi] INFO: [60abd978-3224-41ef-8aee-31c2320fc559] Subscription created until 2024-06-25T12:22:09.386127+00:00 [duration:86400,validity:86399.999451,patch:43199.999725] (../lib/sbi/nnrf-handler.c:813)
06/24 12:22:09.386: [sbi] INFO: [60abda7c-3224-41ef-8aee-31c2320fc559] Subscription created until 2024-06-25T12:22:09.386152+00:00 [duration:86400,validity:86399.999371,patch:43199.999685] (../lib/sbi/nnrf-handler.c:813)
06/24 12:22:33.830: [sbi] INFO: [UDM] (SCP-discover) NF registered [60ab8bf8-3224-41ef-a5aa-85e26f868da9:1] (../lib/sbi/path.c:211)
