Open5GS daemon v2.7.1

06/24 11:14:42.911: [app] INFO: Configuration: '/open5gs/install/etc/open5gs/nrf.yaml' (../lib/app/ogs-init.c:133)
06/24 11:14:42.911: [app] INFO: File Logging: '/open5gs/install/var/log/open5gs/nrf.log' (../lib/app/ogs-init.c:136)
06/24 11:14:42.912: [sbi] INFO: nghttp2_server() [http://127.0.0.10]:7777 (../lib/sbi/nghttp2-server.c:414)
06/24 11:14:42.912: [app] INFO: NRF initialize...done (../src/nrf/app.c:31)
06/24 11:14:42.913: [nrf] INFO: [f4c901ee-321a-41ef-a89a-ebccc4e37101] NF registered [Heartbeat:10s] (../src/nrf/nf-sm.c:192)
06/24 11:14:42.913: [nrf] INFO: [f4c8ffa0-321a-41ef-93ea-5333ea1a569c] NF registered [Heartbeat:10s] (../src/nrf/nf-sm.c:192)
06/24 11:14:42.913: [nrf] INFO: [f4c90dce-321a-41ef-86b5-cb906236fae1] NF registered [Heartbeat:10s] (../src/nrf/nf-sm.c:192)
06/24 11:14:42.914: [nrf] INFO: [f4c910da-321a-41ef-b043-fdfd039b340f] NF registered [Heartbeat:10s] (../src/nrf/nf-sm.c:192)
06/24 11:14:42.914: [nrf] INFO: [f4c940b4-321a-41ef-8a54-bb03ef1de036] Subscription created until 2024-06-25T11:14:42.914329+00:00 [validity_duration:86400] (../src/nrf/nnrf-handler.c:446)
06/24 11:14:42.914: [nrf] INFO: [f4c94366-321a-41ef-8a54-bb03ef1de036] Subscription created until 2024-06-25T11:14:42.914394+00:00 [validity_duration:86400] (../src/nrf/nnrf-handler.c:446)
06/24 11:14:42.914: [nrf] INFO: [f4c9446a-321a-41ef-8a54-bb03ef1de036] Subscription created until 2024-06-25T11:14:42.914419+00:00 [validity_duration:86400] (../src/nrf/nnrf-handler.c:446)
06/24 11:14:42.914: [nrf] INFO: [f4c947ee-321a-41ef-8a54-bb03ef1de036] Subscription created until 2024-06-25T11:14:42.914510+00:00 [validity_duration:86400] (../src/nrf/nnrf-handler.c:446)
06/24 11:14:42.914: [nrf] INFO: [f4c948fc-321a-41ef-8a54-bb03ef1de036] Subscription created until 2024-06-25T11:14:42.914536+00:00 [validity_duration:86400] (../src/nrf/nnrf-handler.c:446)
06/24 11:14:42.914: [nrf] INFO: [f4c94a32-321a-41ef-8a54-bb03ef1de036] Subscription created until 2024-06-25T11:14:42.914567+00:00 [validity_duration:86400] (../src/nrf/nnrf-handler.c:446)
06/24 11:14:42.914: [nrf] INFO: [f4c94d16-321a-41ef-8a54-bb03ef1de036] Subscription created until 2024-06-25T11:14:42.914642+00:00 [validity_duration:86400] (../src/nrf/nnrf-handler.c:446)
06/24 11:14:42.914: [nrf] INFO: [f4c94e10-321a-41ef-8a54-bb03ef1de036] Subscription created until 2024-06-25T11:14:42.914665+00:00 [validity_duration:86400] (../src/nrf/nnrf-handler.c:446)
06/24 11:14:42.914: [nrf] INFO: [f4c94f96-321a-41ef-8a54-bb03ef1de036] Subscription created until 2024-06-25T11:14:42.914710+00:00 [validity_duration:86400] (../src/nrf/nnrf-handler.c:446)
06/24 11:14:42.914: [nrf] INFO: [f4c923ea-321a-41ef-9155-5d083bb01110] NF registered [Heartbeat:10s] (../src/nrf/nf-sm.c:192)
06/24 11:14:42.915: [nrf] INFO: [f4c96134-321a-41ef-8a54-bb03ef1de036] Subscription created until 2024-06-25T11:14:42.915157+00:00 [validity_duration:86400] (../src/nrf/nnrf-handler.c:446)
06/24 11:14:42.915: [nrf] INFO: [f4c96396-321a-41ef-8a54-bb03ef1de036] Subscription created until 2024-06-25T11:14:42.915219+00:00 [validity_duration:86400] (../src/nrf/nnrf-handler.c:446)
06/24 11:14:42.915: [nrf] INFO: [f4c9681e-321a-41ef-8a54-bb03ef1de036] Subscription created until 2024-06-25T11:14:42.915334+00:00 [validity_duration:86400] (../src/nrf/nnrf-handler.c:446)
06/24 11:14:42.915: [nrf] INFO: [f4c96b02-321a-41ef-8a54-bb03ef1de036] Subscription created until 2024-06-25T11:14:42.915408+00:00 [validity_duration:86400] (../src/nrf/nnrf-handler.c:446)
06/24 11:14:42.916: [nrf] INFO: [f4c98d26-321a-41ef-8a54-bb03ef1de036] Subscription created until 2024-06-25T11:14:42.916284+00:00 [validity_duration:86400] (../src/nrf/nnrf-handler.c:446)
06/24 11:14:42.916: [nrf] INFO: [f4c990aa-321a-41ef-8a54-bb03ef1de036] Subscription created until 2024-06-25T11:14:42.916373+00:00 [validity_duration:86400] (../src/nrf/nnrf-handler.c:446)
06/24 11:14:42.916: [nrf] INFO: [f4c94dde-321a-41ef-9053-8756788521bf] NF registered [Heartbeat:10s] (../src/nrf/nf-sm.c:192)
06/24 11:14:42.917: [nrf] INFO: [f4c97e30-321a-41ef-9580-6ffa8c372496] NF registered [Heartbeat:10s] (../src/nrf/nf-sm.c:192)
06/24 11:14:42.917: [nrf] INFO: [f4c9b76a-321a-41ef-8a54-bb03ef1de036] Subscription created until 2024-06-25T11:14:42.917365+00:00 [validity_duration:86400] (../src/nrf/nnrf-handler.c:446)
06/24 11:14:42.917: [nrf] INFO: [f4c9b8dc-321a-41ef-8a54-bb03ef1de036] Subscription created until 2024-06-25T11:14:42.917401+00:00 [validity_duration:86400] (../src/nrf/nnrf-handler.c:446)
06/24 11:14:42.917: [nrf] INFO: [f4c9bbe8-321a-41ef-8a54-bb03ef1de036] Subscription created until 2024-06-25T11:14:42.917479+00:00 [validity_duration:86400] (../src/nrf/nnrf-handler.c:446)
06/24 11:14:42.917: [nrf] INFO: [f4c9bce2-321a-41ef-8a54-bb03ef1de036] Subscription created until 2024-06-25T11:14:42.917502+00:00 [validity_duration:86400] (../src/nrf/nnrf-handler.c:446)
06/24 11:14:42.917: [nrf] INFO: [f4c9bdb4-321a-41ef-8a54-bb03ef1de036] Subscription created until 2024-06-25T11:14:42.917524+00:00 [validity_duration:86400] (../src/nrf/nnrf-handler.c:446)
06/24 11:14:42.917: [nrf] INFO: [f4c9bfda-321a-41ef-8a54-bb03ef1de036] Subscription created until 2024-06-25T11:14:42.917579+00:00 [validity_duration:86400] (../src/nrf/nnrf-handler.c:446)
06/24 11:14:42.917: [nrf] INFO: [f4c9c0ac-321a-41ef-8a54-bb03ef1de036] Subscription created until 2024-06-25T11:14:42.917600+00:00 [validity_duration:86400] (../src/nrf/nnrf-handler.c:446)
06/24 11:14:42.917: [nrf] INFO: [f4c99410-321a-41ef-8d6e-75b8e1c79804] NF registered [Heartbeat:10s] (../src/nrf/nf-sm.c:192)
06/24 11:14:42.918: [nrf] INFO: [f4c9d2b8-321a-41ef-8a54-bb03ef1de036] Subscription created until 2024-06-25T11:14:42.918064+00:00 [validity_duration:86400] (../src/nrf/nnrf-handler.c:446)
06/24 11:14:42.918: [nrf] INFO: [f4c9d632-321a-41ef-8a54-bb03ef1de036] Subscription created until 2024-06-25T11:14:42.918152+00:00 [validity_duration:86400] (../src/nrf/nnrf-handler.c:446)
06/24 11:14:42.918: [nrf] INFO: [f4c9d8c6-321a-41ef-8a54-bb03ef1de036] Subscription created until 2024-06-25T11:14:42.918219+00:00 [validity_duration:86400] (../src/nrf/nnrf-handler.c:446)
06/24 11:14:42.918: [nrf] INFO: [f4c9f0fe-321a-41ef-8a54-bb03ef1de036] Subscription created until 2024-06-25T11:14:42.918840+00:00 [validity_duration:86400] (../src/nrf/nnrf-handler.c:446)
06/24 11:14:42.953: [nrf] INFO: [f4cd049c-321a-41ef-bb0c-09632ffe1e69] NF registered [Heartbeat:10s] (../src/nrf/nf-sm.c:192)
06/24 11:14:42.953: [nrf] INFO: [f4cf4aea-321a-41ef-8a54-bb03ef1de036] Subscription created until 2024-06-25T11:14:42.953909+00:00 [validity_duration:86400] (../src/nrf/nnrf-handler.c:446)
06/24 11:14:42.953: [nrf] INFO: [f4cf4e14-321a-41ef-8a54-bb03ef1de036] Subscription created until 2024-06-25T11:14:42.953988+00:00 [validity_duration:86400] (../src/nrf/nnrf-handler.c:446)
06/24 11:14:42.954: [nrf] INFO: [f4cf4fc2-321a-41ef-8a54-bb03ef1de036] Subscription created until 2024-06-25T11:14:42.954031+00:00 [validity_duration:86400] (../src/nrf/nnrf-handler.c:446)
06/24 11:14:42.954: [nrf] INFO: [f4cf5260-321a-41ef-8a54-bb03ef1de036] Subscription created until 2024-06-25T11:14:42.954098+00:00 [validity_duration:86400] (../src/nrf/nnrf-handler.c:446)
06/24 11:14:42.954: [nrf] INFO: [f4cf53b4-321a-41ef-8a54-bb03ef1de036] Subscription created until 2024-06-25T11:14:42.954134+00:00 [validity_duration:86400] (../src/nrf/nnrf-handler.c:446)
Open5GS daemon v2.7.1

06/24 11:21:59.787: [app] INFO: Configuration: '/open5gs/install/etc/open5gs/nrf.yaml' (../lib/app/ogs-init.c:133)
06/24 11:21:59.787: [app] INFO: File Logging: '/open5gs/install/var/log/open5gs/nrf.log' (../lib/app/ogs-init.c:136)
06/24 11:21:59.788: [sbi] INFO: nghttp2_server() [http://127.0.0.10]:7777 (../lib/sbi/nghttp2-server.c:414)
06/24 11:21:59.788: [app] INFO: NRF initialize...done (../src/nrf/app.c:31)
06/24 11:21:59.789: [nrf] INFO: [f92ef7f6-321b-41ef-812f-f7966425662f] NF registered [Heartbeat:10s] (../src/nrf/nf-sm.c:192)
06/24 11:21:59.789: [nrf] INFO: [f92ef90e-321b-41ef-9eb4-b9034da6d7ec] NF registered [Heartbeat:10s] (../src/nrf/nf-sm.c:192)
06/24 11:21:59.789: [nrf] INFO: [f92eff58-321b-41ef-8fb1-2d028acfd280] NF registered [Heartbeat:10s] (../src/nrf/nf-sm.c:192)
06/24 11:21:59.789: [nrf] INFO: [f92ef508-321b-41ef-a04f-9ff383d55c4b] NF registered [Heartbeat:10s] (../src/nrf/nf-sm.c:192)
06/24 11:21:59.790: [nrf] INFO: [f92f10f6-321b-41ef-88a3-2d2150628158] NF registered [Heartbeat:10s] (../src/nrf/nf-sm.c:192)
06/24 11:21:59.790: [nrf] INFO: [f92f3a7c-321b-41ef-8b79-659cc24ec018] Subscription created until 2024-06-25T11:21:59.790255+00:00 [validity_duration:86400] (../src/nrf/nnrf-handler.c:446)
06/24 11:21:59.790: [nrf] INFO: [f92f3e8c-321b-41ef-8b79-659cc24ec018] Subscription created until 2024-06-25T11:21:59.790353+00:00 [validity_duration:86400] (../src/nrf/nnrf-handler.c:446)
06/24 11:21:59.790: [nrf] INFO: [f92f3fb8-321b-41ef-8b79-659cc24ec018] Subscription created until 2024-06-25T11:21:59.790382+00:00 [validity_duration:86400] (../src/nrf/nnrf-handler.c:446)
06/24 11:21:59.790: [nrf] INFO: [f92f4148-321b-41ef-8b79-659cc24ec018] Subscription created until 2024-06-25T11:21:59.790421+00:00 [validity_duration:86400] (../src/nrf/nnrf-handler.c:446)
06/24 11:21:59.790: [nrf] INFO: [f92f42b0-321b-41ef-8b79-659cc24ec018] Subscription created until 2024-06-25T11:21:59.790458+00:00 [validity_duration:86400] (../src/nrf/nnrf-handler.c:446)
06/24 11:21:59.790: [nrf] INFO: [f92f4760-321b-41ef-8b79-659cc24ec018] Subscription created until 2024-06-25T11:21:59.790579+00:00 [validity_duration:86400] (../src/nrf/nnrf-handler.c:446)
06/24 11:21:59.790: [nrf] INFO: [f92f4882-321b-41ef-8b79-659cc24ec018] Subscription created until 2024-06-25T11:21:59.790607+00:00 [validity_duration:86400] (../src/nrf/nnrf-handler.c:446)
06/24 11:21:59.790: [nrf] INFO: [f92f4972-321b-41ef-8b79-659cc24ec018] Subscription created until 2024-06-25T11:21:59.790630+00:00 [validity_duration:86400] (../src/nrf/nnrf-handler.c:446)
06/24 11:21:59.790: [nrf] INFO: [f92f4aee-321b-41ef-8b79-659cc24ec018] Subscription created until 2024-06-25T11:21:59.790669+00:00 [validity_duration:86400] (../src/nrf/nnrf-handler.c:446)
06/24 11:21:59.790: [nrf] INFO: [f92f50a2-321b-41ef-8b79-659cc24ec018] Subscription created until 2024-06-25T11:21:59.790816+00:00 [validity_duration:86400] (../src/nrf/nnrf-handler.c:446)
06/24 11:21:59.790: [nrf] INFO: [f92f5516-321b-41ef-8b79-659cc24ec018] Subscription created until 2024-06-25T11:21:59.790930+00:00 [validity_duration:86400] (../src/nrf/nnrf-handler.c:446)
06/24 11:21:59.791: [nrf] INFO: [f92f5af2-321b-41ef-8b79-659cc24ec018] Subscription created until 2024-06-25T11:21:59.791081+00:00 [validity_duration:86400] (../src/nrf/nnrf-handler.c:446)
06/24 11:21:59.791: [nrf] INFO: [f92f5c1e-321b-41ef-8b79-659cc24ec018] Subscription created until 2024-06-25T11:21:59.791109+00:00 [validity_duration:86400] (../src/nrf/nnrf-handler.c:446)
06/24 11:21:59.791: [nrf] INFO: [f92f5fe8-321b-41ef-8b79-659cc24ec018] Subscription created until 2024-06-25T11:21:59.791206+00:00 [validity_duration:86400] (../src/nrf/nnrf-handler.c:446)
06/24 11:21:59.791: [nrf] INFO: [f92f60e2-321b-41ef-8b79-659cc24ec018] Subscription created until 2024-06-25T11:21:59.791231+00:00 [validity_duration:86400] (../src/nrf/nnrf-handler.c:446)
06/24 11:21:59.792: [nrf] INFO: [f92f53ea-321b-41ef-8ecb-3fdc942d1085] NF registered [Heartbeat:10s] (../src/nrf/nf-sm.c:192)
06/24 11:21:59.793: [nrf] INFO: [f92f6c40-321b-41ef-9e17-5db492fea92a] NF registered [Heartbeat:10s] (../src/nrf/nf-sm.c:192)
06/24 11:21:59.794: [nrf] INFO: [f92fce60-321b-41ef-8b79-659cc24ec018] Subscription created until 2024-06-25T11:21:59.794037+00:00 [validity_duration:86400] (../src/nrf/nnrf-handler.c:446)
06/24 11:21:59.794: [nrf] INFO: [f92f922e-321b-41ef-9606-3589488b5350] NF registered [Heartbeat:10s] (../src/nrf/nf-sm.c:192)
06/24 11:21:59.794: [nrf] INFO: [f92fd55e-321b-41ef-8b79-659cc24ec018] Subscription created until 2024-06-25T11:21:59.794213+00:00 [validity_duration:86400] (../src/nrf/nnrf-handler.c:446)
06/24 11:21:59.794: [nrf] INFO: [f92fdb12-321b-41ef-8b79-659cc24ec018] Subscription created until 2024-06-25T11:21:59.794360+00:00 [validity_duration:86400] (../src/nrf/nnrf-handler.c:446)
06/24 11:21:59.794: [nrf] INFO: [f92fdf40-321b-41ef-8b79-659cc24ec018] Subscription created until 2024-06-25T11:21:59.794469+00:00 [validity_duration:86400] (../src/nrf/nnrf-handler.c:446)
06/24 11:21:59.794: [nrf] INFO: [f92fe080-321b-41ef-8b79-659cc24ec018] Subscription created until 2024-06-25T11:21:59.794497+00:00 [validity_duration:86400] (../src/nrf/nnrf-handler.c:446)
06/24 11:21:59.794: [nrf] INFO: [f92fe1ca-321b-41ef-8b79-659cc24ec018] Subscription created until 2024-06-25T11:21:59.794530+00:00 [validity_duration:86400] (../src/nrf/nnrf-handler.c:446)
06/24 11:21:59.794: [nrf] INFO: [f92fe2f6-321b-41ef-8b79-659cc24ec018] Subscription created until 2024-06-25T11:21:59.794560+00:00 [validity_duration:86400] (../src/nrf/nnrf-handler.c:446)
06/24 11:21:59.794: [nrf] INFO: [f92fe418-321b-41ef-8b79-659cc24ec018] Subscription created until 2024-06-25T11:21:59.794589+00:00 [validity_duration:86400] (../src/nrf/nnrf-handler.c:446)
06/24 11:21:59.794: [nrf] INFO: [f92fe558-321b-41ef-8b79-659cc24ec018] Subscription created until 2024-06-25T11:21:59.794621+00:00 [validity_duration:86400] (../src/nrf/nnrf-handler.c:446)
06/24 11:21:59.794: [nrf] INFO: [f92fe850-321b-41ef-8b79-659cc24ec018] Subscription created until 2024-06-25T11:21:59.794699+00:00 [validity_duration:86400] (../src/nrf/nnrf-handler.c:446)
06/24 11:21:59.795: [nrf] INFO: [f92ffbec-321b-41ef-8b79-659cc24ec018] Subscription created until 2024-06-25T11:21:59.795201+00:00 [validity_duration:86400] (../src/nrf/nnrf-handler.c:446)
06/24 11:21:59.827: [nrf] INFO: [f932ccbe-321b-41ef-96ed-e1d35e48999f] NF registered [Heartbeat:10s] (../src/nrf/nf-sm.c:192)
06/24 11:21:59.828: [nrf] INFO: [f9350ac4-321b-41ef-8b79-659cc24ec018] Subscription created until 2024-06-25T11:21:59.828350+00:00 [validity_duration:86400] (../src/nrf/nnrf-handler.c:446)
06/24 11:21:59.828: [nrf] INFO: [f9350e16-321b-41ef-8b79-659cc24ec018] Subscription created until 2024-06-25T11:21:59.828434+00:00 [validity_duration:86400] (../src/nrf/nnrf-handler.c:446)
06/24 11:21:59.828: [nrf] INFO: [f9350fe2-321b-41ef-8b79-659cc24ec018] Subscription created until 2024-06-25T11:21:59.828479+00:00 [validity_duration:86400] (../src/nrf/nnrf-handler.c:446)
06/24 11:21:59.828: [nrf] INFO: [f935129e-321b-41ef-8b79-659cc24ec018] Subscription created until 2024-06-25T11:21:59.828549+00:00 [validity_duration:86400] (../src/nrf/nnrf-handler.c:446)
06/24 11:21:59.828: [nrf] INFO: [f93514e2-321b-41ef-8b79-659cc24ec018] Subscription created until 2024-06-25T11:21:59.828608+00:00 [validity_duration:86400] (../src/nrf/nnrf-handler.c:446)
Open5GS daemon v2.7.1

06/24 11:25:29.994: [app] INFO: Configuration: '/open5gs/install/etc/open5gs/nrf.yaml' (../lib/app/ogs-init.c:133)
06/24 11:25:29.994: [app] INFO: File Logging: '/open5gs/install/var/log/open5gs/nrf.log' (../lib/app/ogs-init.c:136)
06/24 11:25:29.996: [sbi] INFO: nghttp2_server() [http://127.0.0.10]:7777 (../lib/sbi/nghttp2-server.c:414)
06/24 11:25:29.996: [app] INFO: NRF initialize...done (../src/nrf/app.c:31)
06/24 11:25:29.997: [nrf] INFO: [767a3ce8-321c-41ef-88bc-31a484e8d9d4] NF registered [Heartbeat:10s] (../src/nrf/nf-sm.c:192)
06/24 11:25:29.998: [nrf] INFO: [767a6aba-321c-41ef-b38e-d7c5748ea019] Subscription created until 2024-06-25T11:25:29.998208+00:00 [validity_duration:86400] (../src/nrf/nnrf-handler.c:446)
06/24 11:25:29.998: [nrf] INFO: [767a6d6c-321c-41ef-b38e-d7c5748ea019] Subscription created until 2024-06-25T11:25:29.998272+00:00 [validity_duration:86400] (../src/nrf/nnrf-handler.c:446)
06/24 11:25:29.998: [nrf] INFO: [767a6e48-321c-41ef-b38e-d7c5748ea019] Subscription created until 2024-06-25T11:25:29.998294+00:00 [validity_duration:86400] (../src/nrf/nnrf-handler.c:446)
06/24 11:25:29.998: [nrf] INFO: [767a71cc-321c-41ef-b38e-d7c5748ea019] Subscription created until 2024-06-25T11:25:29.998384+00:00 [validity_duration:86400] (../src/nrf/nnrf-handler.c:446)
06/24 11:25:29.998: [nrf] INFO: [767a72a8-321c-41ef-b38e-d7c5748ea019] Subscription created until 2024-06-25T11:25:29.998405+00:00 [validity_duration:86400] (../src/nrf/nnrf-handler.c:446)
06/24 11:25:29.998: [nrf] INFO: [767a73b6-321c-41ef-b38e-d7c5748ea019] Subscription created until 2024-06-25T11:25:29.998432+00:00 [validity_duration:86400] (../src/nrf/nnrf-handler.c:446)
06/24 11:25:29.998: [nrf] INFO: [767a76b8-321c-41ef-b38e-d7c5748ea019] Subscription created until 2024-06-25T11:25:29.998510+00:00 [validity_duration:86400] (../src/nrf/nnrf-handler.c:446)
06/24 11:25:29.998: [nrf] INFO: [767a7780-321c-41ef-b38e-d7c5748ea019] Subscription created until 2024-06-25T11:25:29.998529+00:00 [validity_duration:86400] (../src/nrf/nnrf-handler.c:446)
06/24 11:25:29.998: [nrf] INFO: [767a78a2-321c-41ef-b38e-d7c5748ea019] Subscription created until 2024-06-25T11:25:29.998558+00:00 [validity_duration:86400] (../src/nrf/nnrf-handler.c:446)
06/24 11:25:29.998: [nrf] INFO: [767a6588-321c-41ef-8805-616632bc3aa5] NF registered [Heartbeat:10s] (../src/nrf/nf-sm.c:192)
06/24 11:25:29.999: [nrf] INFO: [767a9b98-321c-41ef-b38e-d7c5748ea019] Subscription created until 2024-06-25T11:25:29.999455+00:00 [validity_duration:86400] (../src/nrf/nnrf-handler.c:446)
06/24 11:25:29.999: [nrf] INFO: [767a7956-321c-41ef-9bc3-7f2ceb96c9fe] NF registered [Heartbeat:10s] (../src/nrf/nf-sm.c:192)
06/24 11:25:30.000: [nrf] INFO: [767ac33e-321c-41ef-b38e-d7c5748ea019] Subscription created until 2024-06-25T11:25:30.000472+00:00 [validity_duration:86400] (../src/nrf/nnrf-handler.c:446)
06/24 11:25:30.000: [nrf] INFO: [767ac5c8-321c-41ef-b38e-d7c5748ea019] Subscription created until 2024-06-25T11:25:30.000534+00:00 [validity_duration:86400] (../src/nrf/nnrf-handler.c:446)
06/24 11:25:30.000: [nrf] INFO: [767ac8a2-321c-41ef-b38e-d7c5748ea019] Subscription created until 2024-06-25T11:25:30.000607+00:00 [validity_duration:86400] (../src/nrf/nnrf-handler.c:446)
06/24 11:25:30.000: [nrf] INFO: [767acaf0-321c-41ef-b38e-d7c5748ea019] Subscription created until 2024-06-25T11:25:30.000665+00:00 [validity_duration:86400] (../src/nrf/nnrf-handler.c:446)
06/24 11:25:30.000: [nrf] INFO: [767acf64-321c-41ef-b38e-d7c5748ea019] Subscription created until 2024-06-25T11:25:30.000780+00:00 [validity_duration:86400] (../src/nrf/nnrf-handler.c:446)
06/24 11:25:30.000: [nrf] INFO: [767ad130-321c-41ef-b38e-d7c5748ea019] Subscription created until 2024-06-25T11:25:30.000826+00:00 [validity_duration:86400] (../src/nrf/nnrf-handler.c:446)
06/24 11:25:30.000: [nrf] INFO: [767ad388-321c-41ef-b38e-d7c5748ea019] Subscription created until 2024-06-25T11:25:30.000886+00:00 [validity_duration:86400] (../src/nrf/nnrf-handler.c:446)
06/24 11:25:30.001: [nrf] INFO: [767ab150-321c-41ef-9d03-fb61829797d9] NF registered [Heartbeat:10s] (../src/nrf/nf-sm.c:192)
06/24 11:25:30.001: [nrf] INFO: [767af1c4-321c-41ef-b38e-d7c5748ea019] Subscription created until 2024-06-25T11:25:30.001662+00:00 [validity_duration:86400] (../src/nrf/nnrf-handler.c:446)
06/24 11:25:30.001: [nrf] INFO: [767ac2c6-321c-41ef-9033-cdd949847ed5] NF registered [Heartbeat:10s] (../src/nrf/nf-sm.c:192)
06/24 11:25:30.002: [nrf] INFO: [767b0e66-321c-41ef-b38e-d7c5748ea019] Subscription created until 2024-06-25T11:25:30.002395+00:00 [validity_duration:86400] (../src/nrf/nnrf-handler.c:446)
06/24 11:25:30.002: [nrf] INFO: [767b1082-321c-41ef-b38e-d7c5748ea019] Subscription created until 2024-06-25T11:25:30.002447+00:00 [validity_duration:86400] (../src/nrf/nnrf-handler.c:446)
06/24 11:25:30.002: [nrf] INFO: [767b12c6-321c-41ef-b38e-d7c5748ea019] Subscription created until 2024-06-25T11:25:30.002505+00:00 [validity_duration:86400] (../src/nrf/nnrf-handler.c:446)
06/24 11:25:30.035: [nrf] INFO: [767debea-321c-41ef-a234-efd98968a5bb] NF registered [Heartbeat:10s] (../src/nrf/nf-sm.c:192)
06/24 11:25:30.036: [nrf] INFO: [76803ada-321c-41ef-b38e-d7c5748ea019] Subscription created until 2024-06-25T11:25:30.036301+00:00 [validity_duration:86400] (../src/nrf/nnrf-handler.c:446)
06/24 11:25:30.036: [nrf] INFO: [76803d3c-321c-41ef-b38e-d7c5748ea019] Subscription created until 2024-06-25T11:25:30.036361+00:00 [validity_duration:86400] (../src/nrf/nnrf-handler.c:446)
06/24 11:25:30.036: [nrf] INFO: [7680411a-321c-41ef-b38e-d7c5748ea019] Subscription created until 2024-06-25T11:25:30.036460+00:00 [validity_duration:86400] (../src/nrf/nnrf-handler.c:446)
06/24 11:25:30.036: [nrf] INFO: [76804246-321c-41ef-b38e-d7c5748ea019] Subscription created until 2024-06-25T11:25:30.036490+00:00 [validity_duration:86400] (../src/nrf/nnrf-handler.c:446)
06/24 11:25:30.036: [nrf] INFO: [768044da-321c-41ef-b38e-d7c5748ea019] Subscription created until 2024-06-25T11:25:30.036555+00:00 [validity_duration:86400] (../src/nrf/nnrf-handler.c:446)
06/24 11:25:41.000: [nrf] INFO: [767a16e6-321c-41ef-a45d-0d396e5cc6f7] NF registered [Heartbeat:10s] (../src/nrf/nf-sm.c:192)
06/24 11:25:41.001: [nrf] INFO: [7d09628c-321c-41ef-b38e-d7c5748ea019] Subscription created until 2024-06-25T11:25:41.001492+00:00 [validity_duration:86400] (../src/nrf/nnrf-handler.c:446)
06/24 11:25:41.005: [nrf] INFO: [767a2cee-321c-41ef-b271-037e7ca0152a] NF registered [Heartbeat:10s] (../src/nrf/nf-sm.c:192)
06/24 11:25:41.005: [nrf] INFO: [767a2d0c-321c-41ef-a8d1-270c366ecab8] NF registered [Heartbeat:10s] (../src/nrf/nf-sm.c:192)
06/24 11:25:41.006: [nrf] INFO: [7d0a2cda-321c-41ef-b38e-d7c5748ea019] Subscription created until 2024-06-25T11:25:41.006671+00:00 [validity_duration:86400] (../src/nrf/nnrf-handler.c:446)
06/24 11:25:41.006: [nrf] INFO: [7d0a2e38-321c-41ef-b38e-d7c5748ea019] Subscription created until 2024-06-25T11:25:41.006702+00:00 [validity_duration:86400] (../src/nrf/nnrf-handler.c:446)
06/24 11:25:41.007: [nrf] INFO: [7d0a3c8e-321c-41ef-b38e-d7c5748ea019] Subscription created until 2024-06-25T11:25:41.007071+00:00 [validity_duration:86400] (../src/nrf/nnrf-handler.c:446)
06/24 11:25:41.007: [nrf] INFO: [7d0a3edc-321c-41ef-b38e-d7c5748ea019] Subscription created until 2024-06-25T11:25:41.007131+00:00 [validity_duration:86400] (../src/nrf/nnrf-handler.c:446)
Open5GS daemon v2.7.1

06/24 11:37:42.970: [app] INFO: Configuration: '/open5gs/install/etc/open5gs/nrf.yaml' (../lib/app/ogs-init.c:133)
06/24 11:37:42.970: [app] INFO: File Logging: '/open5gs/install/var/log/open5gs/nrf.log' (../lib/app/ogs-init.c:136)
06/24 11:37:42.972: [sbi] INFO: nghttp2_server() [http://127.0.0.10]:7777 (../lib/sbi/nghttp2-server.c:414)
06/24 11:37:42.972: [app] INFO: NRF initialize...done (../src/nrf/app.c:31)
06/24 11:37:42.973: [nrf] INFO: [2b5d6652-321e-41ef-824c-01d1517ac258] NF registered [Heartbeat:10s] (../src/nrf/nf-sm.c:192)
06/24 11:37:42.973: [nrf] INFO: [2b5d94f6-321e-41ef-b751-43939f63bf96] Subscription created until 2024-06-25T11:37:42.973575+00:00 [validity_duration:86400] (../src/nrf/nnrf-handler.c:446)
06/24 11:37:42.973: [nrf] INFO: [2b5d988e-321e-41ef-b751-43939f63bf96] Subscription created until 2024-06-25T11:37:42.973662+00:00 [validity_duration:86400] (../src/nrf/nnrf-handler.c:446)
06/24 11:37:42.973: [nrf] INFO: [2b5d99ba-321e-41ef-b751-43939f63bf96] Subscription created until 2024-06-25T11:37:42.973690+00:00 [validity_duration:86400] (../src/nrf/nnrf-handler.c:446)
06/24 11:37:42.973: [nrf] INFO: [2b5d9afa-321e-41ef-b751-43939f63bf96] Subscription created until 2024-06-25T11:37:42.973722+00:00 [validity_duration:86400] (../src/nrf/nnrf-handler.c:446)
06/24 11:37:42.973: [nrf] INFO: [2b5d9f1e-321e-41ef-b751-43939f63bf96] Subscription created until 2024-06-25T11:37:42.973830+00:00 [validity_duration:86400] (../src/nrf/nnrf-handler.c:446)
06/24 11:37:42.973: [nrf] INFO: [2b5da022-321e-41ef-b751-43939f63bf96] Subscription created until 2024-06-25T11:37:42.973855+00:00 [validity_duration:86400] (../src/nrf/nnrf-handler.c:446)
06/24 11:37:42.973: [nrf] INFO: [2b5da180-321e-41ef-b751-43939f63bf96] Subscription created until 2024-06-25T11:37:42.973890+00:00 [validity_duration:86400] (../src/nrf/nnrf-handler.c:446)
06/24 11:37:42.973: [nrf] INFO: [2b5da28e-321e-41ef-b751-43939f63bf96] Subscription created until 2024-06-25T11:37:42.973917+00:00 [validity_duration:86400] (../src/nrf/nnrf-handler.c:446)
06/24 11:37:42.973: [nrf] INFO: [2b5da3ce-321e-41ef-b751-43939f63bf96] Subscription created until 2024-06-25T11:37:42.973948+00:00 [validity_duration:86400] (../src/nrf/nnrf-handler.c:446)
06/24 11:37:42.974: [nrf] INFO: [2b5d77d2-321e-41ef-8d4e-c54e27ad0fed] NF registered [Heartbeat:10s] (../src/nrf/nf-sm.c:192)
06/24 11:37:42.974: [nrf] INFO: [2b5d8056-321e-41ef-a6d0-731fe7a8c1e2] NF registered [Heartbeat:10s] (../src/nrf/nf-sm.c:192)
06/24 11:37:42.975: [nrf] INFO: [2b5dd59c-321e-41ef-b751-43939f63bf96] Subscription created until 2024-06-25T11:37:42.975227+00:00 [validity_duration:86400] (../src/nrf/nnrf-handler.c:446)
06/24 11:37:42.975: [nrf] INFO: [2b5dd934-321e-41ef-b751-43939f63bf96] Subscription created until 2024-06-25T11:37:42.975318+00:00 [validity_duration:86400] (../src/nrf/nnrf-handler.c:446)
06/24 11:37:42.975: [nrf] INFO: [2b5ddb32-321e-41ef-b751-43939f63bf96] Subscription created until 2024-06-25T11:37:42.975367+00:00 [validity_duration:86400] (../src/nrf/nnrf-handler.c:446)
06/24 11:37:42.975: [nrf] INFO: [2b5db0e4-321e-41ef-8967-136638267147] NF registered [Heartbeat:10s] (../src/nrf/nf-sm.c:192)
06/24 11:37:42.976: [nrf] INFO: [2b5e0706-321e-41ef-b751-43939f63bf96] Subscription created until 2024-06-25T11:37:42.976493+00:00 [validity_duration:86400] (../src/nrf/nnrf-handler.c:446)
06/24 11:37:42.976: [nrf] INFO: [2b5dd6a0-321e-41ef-bcc7-e7fb4a624d0d] NF registered [Heartbeat:10s] (../src/nrf/nf-sm.c:192)
06/24 11:37:42.976: [nrf] INFO: [2b5e18fe-321e-41ef-b751-43939f63bf96] Subscription created until 2024-06-25T11:37:42.976952+00:00 [validity_duration:86400] (../src/nrf/nnrf-handler.c:446)
06/24 11:37:42.976: [nrf] INFO: [2b5e1ab6-321e-41ef-b751-43939f63bf96] Subscription created until 2024-06-25T11:37:42.976993+00:00 [validity_duration:86400] (../src/nrf/nnrf-handler.c:446)
06/24 11:37:42.977: [nrf] INFO: [2b5e1bd8-321e-41ef-b751-43939f63bf96] Subscription created until 2024-06-25T11:37:42.977022+00:00 [validity_duration:86400] (../src/nrf/nnrf-handler.c:446)
06/24 11:37:42.977: [nrf] INFO: [2b5dd25e-321e-41ef-932c-7dabe436ac69] NF registered [Heartbeat:10s] (../src/nrf/nf-sm.c:192)
06/24 11:37:42.977: [nrf] INFO: [2b5e28b2-321e-41ef-b751-43939f63bf96] Subscription created until 2024-06-25T11:37:42.977354+00:00 [validity_duration:86400] (../src/nrf/nnrf-handler.c:446)
06/24 11:37:42.977: [nrf] INFO: [2b5e2a4c-321e-41ef-b751-43939f63bf96] Subscription created until 2024-06-25T11:37:42.977392+00:00 [validity_duration:86400] (../src/nrf/nnrf-handler.c:446)
06/24 11:37:42.977: [nrf] INFO: [2b5e2c5e-321e-41ef-b751-43939f63bf96] Subscription created until 2024-06-25T11:37:42.977446+00:00 [validity_duration:86400] (../src/nrf/nnrf-handler.c:446)
06/24 11:37:42.977: [nrf] INFO: [2b5e39b0-321e-41ef-b751-43939f63bf96] Subscription created until 2024-06-25T11:37:42.977788+00:00 [validity_duration:86400] (../src/nrf/nnrf-handler.c:446)
06/24 11:37:42.978: [nrf] INFO: [2b5e4d38-321e-41ef-b751-43939f63bf96] Subscription created until 2024-06-25T11:37:42.978289+00:00 [validity_duration:86400] (../src/nrf/nnrf-handler.c:446)
06/24 11:37:42.978: [nrf] INFO: [2b5e5058-321e-41ef-b751-43939f63bf96] Subscription created until 2024-06-25T11:37:42.978367+00:00 [validity_duration:86400] (../src/nrf/nnrf-handler.c:446)
06/24 11:37:42.978: [nrf] INFO: [2b5e544a-321e-41ef-b751-43939f63bf96] Subscription created until 2024-06-25T11:37:42.978468+00:00 [validity_duration:86400] (../src/nrf/nnrf-handler.c:446)
06/24 11:37:43.012: [nrf] INFO: [2b614aba-321e-41ef-ae93-41fd97046f88] NF registered [Heartbeat:10s] (../src/nrf/nf-sm.c:192)
06/24 11:37:43.013: [nrf] INFO: [2b63b480-321e-41ef-b751-43939f63bf96] Subscription created until 2024-06-25T11:37:43.013701+00:00 [validity_duration:86400] (../src/nrf/nnrf-handler.c:446)
06/24 11:37:43.013: [nrf] INFO: [2b63b7e6-321e-41ef-b751-43939f63bf96] Subscription created until 2024-06-25T11:37:43.013785+00:00 [validity_duration:86400] (../src/nrf/nnrf-handler.c:446)
06/24 11:37:43.013: [nrf] INFO: [2b63b9a8-321e-41ef-b751-43939f63bf96] Subscription created until 2024-06-25T11:37:43.013830+00:00 [validity_duration:86400] (../src/nrf/nnrf-handler.c:446)
06/24 11:37:43.013: [nrf] INFO: [2b63bbf6-321e-41ef-b751-43939f63bf96] Subscription created until 2024-06-25T11:37:43.013889+00:00 [validity_duration:86400] (../src/nrf/nnrf-handler.c:446)
06/24 11:37:43.013: [nrf] INFO: [2b63bdcc-321e-41ef-b751-43939f63bf96] Subscription created until 2024-06-25T11:37:43.013936+00:00 [validity_duration:86400] (../src/nrf/nnrf-handler.c:446)
06/24 11:37:53.977: [nrf] INFO: [2b5d5cf2-321e-41ef-a497-317d2feaf5ca] NF registered [Heartbeat:10s] (../src/nrf/nf-sm.c:192)
06/24 11:37:53.977: [nrf] INFO: [2b5d5cca-321e-41ef-9ab5-8722b98abd04] NF registered [Heartbeat:10s] (../src/nrf/nf-sm.c:192)
06/24 11:37:53.978: [nrf] INFO: [31ecd84a-321e-41ef-b751-43939f63bf96] Subscription created until 2024-06-25T11:37:53.978791+00:00 [validity_duration:86400] (../src/nrf/nnrf-handler.c:446)
06/24 11:37:53.978: [nrf] INFO: [31ecdae8-321e-41ef-b751-43939f63bf96] Subscription created until 2024-06-25T11:37:53.978855+00:00 [validity_duration:86400] (../src/nrf/nnrf-handler.c:446)
06/24 11:37:53.978: [nrf] INFO: [31ecdcfa-321e-41ef-b751-43939f63bf96] Subscription created until 2024-06-25T11:37:53.978910+00:00 [validity_duration:86400] (../src/nrf/nnrf-handler.c:446)
Open5GS daemon v2.7.1

06/24 11:44:57.570: [app] INFO: Configuration: '/open5gs/install/etc/open5gs/nrf.yaml' (../lib/app/ogs-init.c:133)
06/24 11:44:57.570: [app] INFO: File Logging: '/open5gs/install/var/log/open5gs/nrf.log' (../lib/app/ogs-init.c:136)
06/24 11:44:57.571: [sbi] INFO: nghttp2_server() [http://127.0.0.10]:7777 (../lib/sbi/nghttp2-server.c:414)
06/24 11:44:57.571: [app] INFO: NRF initialize...done (../src/nrf/app.c:31)
06/24 11:44:57.572: [nrf] INFO: [2e67fe60-321f-41ef-882f-75844ef008cf] NF registered [Heartbeat:10s] (../src/nrf/nf-sm.c:192)
06/24 11:44:57.572: [nrf] INFO: [2e680298-321f-41ef-a2f9-57e5580533e8] NF registered [Heartbeat:10s] (../src/nrf/nf-sm.c:192)
06/24 11:44:57.572: [nrf] INFO: [2e68063a-321f-41ef-8261-c3989e41bb0b] NF registered [Heartbeat:10s] (../src/nrf/nf-sm.c:192)
06/24 11:44:57.573: [nrf] INFO: [2e68325e-321f-41ef-a6bf-5ddb58e284a6] Subscription created until 2024-06-25T11:44:57.573034+00:00 [validity_duration:86400] (../src/nrf/nnrf-handler.c:446)
06/24 11:44:57.573: [nrf] INFO: [2e6834e8-321f-41ef-a6bf-5ddb58e284a6] Subscription created until 2024-06-25T11:44:57.573094+00:00 [validity_duration:86400] (../src/nrf/nnrf-handler.c:446)
06/24 11:44:57.573: [nrf] INFO: [2e6835ba-321f-41ef-a6bf-5ddb58e284a6] Subscription created until 2024-06-25T11:44:57.573114+00:00 [validity_duration:86400] (../src/nrf/nnrf-handler.c:446)
06/24 11:44:57.573: [nrf] INFO: [2e683984-321f-41ef-a6bf-5ddb58e284a6] Subscription created until 2024-06-25T11:44:57.573212+00:00 [validity_duration:86400] (../src/nrf/nnrf-handler.c:446)
06/24 11:44:57.573: [nrf] INFO: [2e683a92-321f-41ef-a6bf-5ddb58e284a6] Subscription created until 2024-06-25T11:44:57.573240+00:00 [validity_duration:86400] (../src/nrf/nnrf-handler.c:446)
06/24 11:44:57.573: [nrf] INFO: [2e683c0e-321f-41ef-a6bf-5ddb58e284a6] Subscription created until 2024-06-25T11:44:57.573278+00:00 [validity_duration:86400] (../src/nrf/nnrf-handler.c:446)
06/24 11:44:57.573: [nrf] INFO: [2e68401e-321f-41ef-a6bf-5ddb58e284a6] Subscription created until 2024-06-25T11:44:57.573383+00:00 [validity_duration:86400] (../src/nrf/nnrf-handler.c:446)
06/24 11:44:57.573: [nrf] INFO: [2e6841b8-321f-41ef-a6bf-5ddb58e284a6] Subscription created until 2024-06-25T11:44:57.573423+00:00 [validity_duration:86400] (../src/nrf/nnrf-handler.c:446)
06/24 11:44:57.573: [nrf] INFO: [2e6843ac-321f-41ef-a6bf-5ddb58e284a6] Subscription created until 2024-06-25T11:44:57.573472+00:00 [validity_duration:86400] (../src/nrf/nnrf-handler.c:446)
06/24 11:44:57.573: [nrf] INFO: [2e684744-321f-41ef-a6bf-5ddb58e284a6] Subscription created until 2024-06-25T11:44:57.573564+00:00 [validity_duration:86400] (../src/nrf/nnrf-handler.c:446)
06/24 11:44:57.573: [nrf] INFO: [2e6848fc-321f-41ef-a6bf-5ddb58e284a6] Subscription created until 2024-06-25T11:44:57.573608+00:00 [validity_duration:86400] (../src/nrf/nnrf-handler.c:446)
06/24 11:44:57.573: [nrf] INFO: [2e684ba4-321f-41ef-a6bf-5ddb58e284a6] Subscription created until 2024-06-25T11:44:57.573676+00:00 [validity_duration:86400] (../src/nrf/nnrf-handler.c:446)
06/24 11:44:57.575: [nrf] INFO: [2e6845d2-321f-41ef-9919-17fbb4274bbb] NF registered [Heartbeat:10s] (../src/nrf/nf-sm.c:192)
06/24 11:44:57.575: [nrf] INFO: [2e686954-321f-41ef-af86-31ec9b05e407] NF registered [Heartbeat:10s] (../src/nrf/nf-sm.c:192)
06/24 11:44:57.575: [nrf] INFO: [2e68a536-321f-41ef-a6bf-5ddb58e284a6] Subscription created until 2024-06-25T11:44:57.575971+00:00 [validity_duration:86400] (../src/nrf/nnrf-handler.c:446)
06/24 11:44:57.576: [nrf] INFO: [2e68a7ac-321f-41ef-a6bf-5ddb58e284a6] Subscription created until 2024-06-25T11:44:57.576032+00:00 [validity_duration:86400] (../src/nrf/nnrf-handler.c:446)
06/24 11:44:57.576: [nrf] INFO: [2e68aa72-321f-41ef-a6bf-5ddb58e284a6] Subscription created until 2024-06-25T11:44:57.576103+00:00 [validity_duration:86400] (../src/nrf/nnrf-handler.c:446)
06/24 11:44:57.576: [nrf] INFO: [2e68ab3a-321f-41ef-a6bf-5ddb58e284a6] Subscription created until 2024-06-25T11:44:57.576122+00:00 [validity_duration:86400] (../src/nrf/nnrf-handler.c:446)
06/24 11:44:57.576: [nrf] INFO: [2e68abda-321f-41ef-a6bf-5ddb58e284a6] Subscription created until 2024-06-25T11:44:57.576138+00:00 [validity_duration:86400] (../src/nrf/nnrf-handler.c:446)
06/24 11:44:57.576: [nrf] INFO: [2e68b364-321f-41ef-a6bf-5ddb58e284a6] Subscription created until 2024-06-25T11:44:57.576333+00:00 [validity_duration:86400] (../src/nrf/nnrf-handler.c:446)
06/24 11:44:57.576: [nrf] INFO: [2e68b530-321f-41ef-a6bf-5ddb58e284a6] Subscription created until 2024-06-25T11:44:57.576379+00:00 [validity_duration:86400] (../src/nrf/nnrf-handler.c:446)
06/24 11:44:57.576: [nrf] INFO: [2e6872be-321f-41ef-ab2c-0927206d2440] NF registered [Heartbeat:10s] (../src/nrf/nf-sm.c:192)
06/24 11:44:57.576: [nrf] INFO: [2e68c93a-321f-41ef-a6bf-5ddb58e284a6] Subscription created until 2024-06-25T11:44:57.576893+00:00 [validity_duration:86400] (../src/nrf/nnrf-handler.c:446)
06/24 11:44:57.577: [nrf] INFO: [2e68dd58-321f-41ef-a6bf-5ddb58e284a6] Subscription created until 2024-06-25T11:44:57.577413+00:00 [validity_duration:86400] (../src/nrf/nnrf-handler.c:446)
06/24 11:44:57.577: [nrf] INFO: [2e68dfc4-321f-41ef-a6bf-5ddb58e284a6] Subscription created until 2024-06-25T11:44:57.577468+00:00 [validity_duration:86400] (../src/nrf/nnrf-handler.c:446)
06/24 11:44:57.577: [nrf] INFO: [2e68e258-321f-41ef-a6bf-5ddb58e284a6] Subscription created until 2024-06-25T11:44:57.577534+00:00 [validity_duration:86400] (../src/nrf/nnrf-handler.c:446)
06/24 11:44:57.610: [nrf] INFO: [2e6bc360-321f-41ef-805d-694227ec2ac7] NF registered [Heartbeat:10s] (../src/nrf/nf-sm.c:192)
06/24 11:44:57.611: [nrf] INFO: [2e6e0cba-321f-41ef-a6bf-5ddb58e284a6] Subscription created until 2024-06-25T11:44:57.611390+00:00 [validity_duration:86400] (../src/nrf/nnrf-handler.c:446)
06/24 11:44:57.611: [nrf] INFO: [2e6e1066-321f-41ef-a6bf-5ddb58e284a6] Subscription created until 2024-06-25T11:44:57.611482+00:00 [validity_duration:86400] (../src/nrf/nnrf-handler.c:446)
06/24 11:44:57.611: [nrf] INFO: [2e6e1232-321f-41ef-a6bf-5ddb58e284a6] Subscription created until 2024-06-25T11:44:57.611527+00:00 [validity_duration:86400] (../src/nrf/nnrf-handler.c:446)
06/24 11:44:57.611: [nrf] INFO: [2e6e157a-321f-41ef-a6bf-5ddb58e284a6] Subscription created until 2024-06-25T11:44:57.611612+00:00 [validity_duration:86400] (../src/nrf/nnrf-handler.c:446)
06/24 11:44:57.611: [nrf] INFO: [2e6e1732-321f-41ef-a6bf-5ddb58e284a6] Subscription created until 2024-06-25T11:44:57.611655+00:00 [validity_duration:86400] (../src/nrf/nnrf-handler.c:446)
06/24 11:45:08.574: [nrf] INFO: [2e67fd34-321f-41ef-87ae-6f0d015c0aaa] NF registered [Heartbeat:10s] (../src/nrf/nf-sm.c:192)
06/24 11:45:08.575: [nrf] INFO: [34f70dde-321f-41ef-a6bf-5ddb58e284a6] Subscription created until 2024-06-25T11:45:08.575592+00:00 [validity_duration:86400] (../src/nrf/nnrf-handler.c:446)
06/24 11:45:08.575: [nrf] INFO: [34f71068-321f-41ef-a6bf-5ddb58e284a6] Subscription created until 2024-06-25T11:45:08.575654+00:00 [validity_duration:86400] (../src/nrf/nnrf-handler.c:446)
06/24 11:45:08.581: [nrf] INFO: [2e67f190-321f-41ef-b98a-e1cc26d6b414] NF registered [Heartbeat:10s] (../src/nrf/nf-sm.c:192)
06/24 11:45:08.582: [nrf] INFO: [34f82200-321f-41ef-a6bf-5ddb58e284a6] Subscription created until 2024-06-25T11:45:08.582663+00:00 [validity_duration:86400] (../src/nrf/nnrf-handler.c:446)
Open5GS daemon v2.7.1

06/24 12:22:09.382: [app] INFO: Configuration: '/open5gs/install/etc/open5gs/nrf.yaml' (../lib/app/ogs-init.c:133)
06/24 12:22:09.382: [app] INFO: File Logging: '/open5gs/install/var/log/open5gs/nrf.log' (../lib/app/ogs-init.c:136)
06/24 12:22:09.383: [sbi] INFO: nghttp2_server() [http://127.0.0.10]:7777 (../lib/sbi/nghttp2-server.c:414)
06/24 12:22:09.383: [app] INFO: NRF initialize...done (../src/nrf/app.c:31)
06/24 12:22:09.384: [nrf] INFO: [60ab7640-3224-41ef-bfbd-d14017282e2c] NF registered [Heartbeat:10s] (../src/nrf/nf-sm.c:192)
06/24 12:22:09.384: [nrf] INFO: [60ab7672-3224-41ef-81d1-6bdd48fc5b0c] NF registered [Heartbeat:10s] (../src/nrf/nf-sm.c:192)
06/24 12:22:09.384: [nrf] INFO: [60ab8752-3224-41ef-937a-0da3025365ea] NF registered [Heartbeat:10s] (../src/nrf/nf-sm.c:192)
06/24 12:22:09.384: [nrf] INFO: [60ab8ebe-3224-41ef-a64f-5f2dcb00cf86] NF registered [Heartbeat:10s] (../src/nrf/nf-sm.c:192)
06/24 12:22:09.385: [nrf] INFO: [60ab8bf8-3224-41ef-a5aa-85e26f868da9] NF registered [Heartbeat:10s] (../src/nrf/nf-sm.c:192)
06/24 12:22:09.385: [nrf] INFO: [60abb236-3224-41ef-8aee-31c2320fc559] Subscription created until 2024-06-25T12:22:09.385126+00:00 [validity_duration:86400] (../src/nrf/nnrf-handler.c:446)
06/24 12:22:09.385: [nrf] INFO: [60abb3d0-3224-41ef-8aee-31c2320fc559] Subscription created until 2024-06-25T12:22:09.385163+00:00 [validity_duration:86400] (../src/nrf/nnrf-handler.c:446)
06/24 12:22:09.385: [nrf] INFO: [60abb858-3224-41ef-8aee-31c2320fc559] Subscription created until 2024-06-25T12:22:09.385278+00:00 [validity_duration:86400] (../src/nrf/nnrf-handler.c:446)
06/24 12:22:09.385: [nrf] INFO: [60abb95c-3224-41ef-8aee-31c2320fc559] Subscription created until 2024-06-25T12:22:09.385304+00:00 [validity_duration:86400] (../src/nrf/nnrf-handler.c:446)
06/24 12:22:09.385: [nrf] INFO: [60abbaec-3224-41ef-8aee-31c2320fc559] Subscription created until 2024-06-25T12:22:09.385343+00:00 [validity_duration:86400] (../src/nrf/nnrf-handler.c:446)
06/24 12:22:09.385: [nrf] INFO: [60abbc4a-3224-41ef-8aee-31c2320fc559] Subscription created until 2024-06-25T12:22:09.385379+00:00 [validity_duration:86400] (../src/nrf/nnrf-handler.c:446)
06/24 12:22:09.385: [nrf] INFO: [60abbe0c-3224-41ef-8aee-31c2320fc559] Subscription created until 2024-06-25T12:22:09.385424+00:00 [validity_duration:86400] (../src/nrf/nnrf-handler.c:446)
06/24 12:22:09.385: [nrf] INFO: [60abc14a-3224-41ef-8aee-31c2320fc559] Subscription created until 2024-06-25T12:22:09.385507+00:00 [validity_duration:86400] (../src/nrf/nnrf-handler.c:446)
06/24 12:22:09.385: [nrf] INFO: [60abc24e-3224-41ef-8aee-31c2320fc559] Subscription created until 2024-06-25T12:22:09.385532+00:00 [validity_duration:86400] (../src/nrf/nnrf-handler.c:446)
06/24 12:22:09.385: [nrf] INFO: [60abc5f0-3224-41ef-8aee-31c2320fc559] Subscription created until 2024-06-25T12:22:09.385627+00:00 [validity_duration:86400] (../src/nrf/nnrf-handler.c:446)
06/24 12:22:09.386: [nrf] INFO: [60abd978-3224-41ef-8aee-31c2320fc559] Subscription created until 2024-06-25T12:22:09.386127+00:00 [validity_duration:86400] (../src/nrf/nnrf-handler.c:446)
06/24 12:22:09.386: [nrf] INFO: [60abda7c-3224-41ef-8aee-31c2320fc559] Subscription created until 2024-06-25T12:22:09.386152+00:00 [validity_duration:86400] (../src/nrf/nnrf-handler.c:446)
06/24 12:22:09.386: [nrf] INFO: [60abe026-3224-41ef-8aee-31c2320fc559] Subscription created until 2024-06-25T12:22:09.386298+00:00 [validity_duration:86400] (../src/nrf/nnrf-handler.c:446)
06/24 12:22:09.386: [nrf] INFO: [60abe256-3224-41ef-8aee-31c2320fc559] Subscription created until 2024-06-25T12:22:09.386353+00:00 [validity_duration:86400] (../src/nrf/nnrf-handler.c:446)
06/24 12:22:09.386: [nrf] INFO: [60abe65c-3224-41ef-8aee-31c2320fc559] Subscription created until 2024-06-25T12:22:09.386456+00:00 [validity_duration:86400] (../src/nrf/nnrf-handler.c:446)
06/24 12:22:09.387: [nrf] INFO: [60abc3c0-3224-41ef-a461-9da4ba2d6fe3] NF registered [Heartbeat:10s] (../src/nrf/nf-sm.c:192)
06/24 12:22:09.388: [nrf] INFO: [60ac2414-3224-41ef-8aee-31c2320fc559] Subscription created until 2024-06-25T12:22:09.388039+00:00 [validity_duration:86400] (../src/nrf/nnrf-handler.c:446)
06/24 12:22:09.388: [nrf] INFO: [60ac273e-3224-41ef-8aee-31c2320fc559] Subscription created until 2024-06-25T12:22:09.388118+00:00 [validity_duration:86400] (../src/nrf/nnrf-handler.c:446)
06/24 12:22:09.388: [nrf] INFO: [60ac2b9e-3224-41ef-8aee-31c2320fc559] Subscription created until 2024-06-25T12:22:09.388230+00:00 [validity_duration:86400] (../src/nrf/nnrf-handler.c:446)
06/24 12:22:09.388: [nrf] INFO: [60ac2f72-3224-41ef-8aee-31c2320fc559] Subscription created until 2024-06-25T12:22:09.388327+00:00 [validity_duration:86400] (../src/nrf/nnrf-handler.c:446)
06/24 12:22:09.388: [nrf] INFO: [60ac344a-3224-41ef-8aee-31c2320fc559] Subscription created until 2024-06-25T12:22:09.388452+00:00 [validity_duration:86400] (../src/nrf/nnrf-handler.c:446)
06/24 12:22:09.388: [nrf] INFO: [60ac3792-3224-41ef-8aee-31c2320fc559] Subscription created until 2024-06-25T12:22:09.388535+00:00 [validity_duration:86400] (../src/nrf/nnrf-handler.c:446)
06/24 12:22:09.388: [nrf] INFO: [60ac3954-3224-41ef-8aee-31c2320fc559] Subscription created until 2024-06-25T12:22:09.388580+00:00 [validity_duration:86400] (../src/nrf/nnrf-handler.c:446)
06/24 12:22:09.388: [nrf] INFO: [60abf4e4-3224-41ef-b26c-fb3f69badd76] NF registered [Heartbeat:10s] (../src/nrf/nf-sm.c:192)
06/24 12:22:09.389: [nrf] INFO: [60abfc32-3224-41ef-bea3-37b81cb17cf8] NF registered [Heartbeat:10s] (../src/nrf/nf-sm.c:192)
06/24 12:22:09.389: [nrf] INFO: [60ac6bc2-3224-41ef-8aee-31c2320fc559] Subscription created until 2024-06-25T12:22:09.389873+00:00 [validity_duration:86400] (../src/nrf/nnrf-handler.c:446)
06/24 12:22:09.390: [nrf] INFO: [60ac7090-3224-41ef-8aee-31c2320fc559] Subscription created until 2024-06-25T12:22:09.389995+00:00 [validity_duration:86400] (../src/nrf/nnrf-handler.c:446)
06/24 12:22:09.390: [nrf] INFO: [60ac71da-3224-41ef-8aee-31c2320fc559] Subscription created until 2024-06-25T12:22:09.390027+00:00 [validity_duration:86400] (../src/nrf/nnrf-handler.c:446)
06/24 12:22:09.390: [nrf] INFO: [60ac741e-3224-41ef-8aee-31c2320fc559] Subscription created until 2024-06-25T12:22:09.390086+00:00 [validity_duration:86400] (../src/nrf/nnrf-handler.c:446)
06/24 12:22:09.423: [nrf] INFO: [60af52ec-3224-41ef-b8c1-83077d19dae5] NF registered [Heartbeat:10s] (../src/nrf/nf-sm.c:192)
06/24 12:22:09.424: [nrf] INFO: [60b1a72c-3224-41ef-8aee-31c2320fc559] Subscription created until 2024-06-25T12:22:09.424164+00:00 [validity_duration:86400] (../src/nrf/nnrf-handler.c:446)
06/24 12:22:09.424: [nrf] INFO: [60b1aa4c-3224-41ef-8aee-31c2320fc559] Subscription created until 2024-06-25T12:22:09.424242+00:00 [validity_duration:86400] (../src/nrf/nnrf-handler.c:446)
06/24 12:22:09.424: [nrf] INFO: [60b1ada8-3224-41ef-8aee-31c2320fc559] Subscription created until 2024-06-25T12:22:09.424328+00:00 [validity_duration:86400] (../src/nrf/nnrf-handler.c:446)
06/24 12:22:09.424: [nrf] INFO: [60b1aefc-3224-41ef-8aee-31c2320fc559] Subscription created until 2024-06-25T12:22:09.424361+00:00 [validity_duration:86400] (../src/nrf/nnrf-handler.c:446)
06/24 12:22:09.424: [nrf] INFO: [60b1b1cc-3224-41ef-8aee-31c2320fc559] Subscription created until 2024-06-25T12:22:09.424435+00:00 [validity_duration:86400] (../src/nrf/nnrf-handler.c:446)
