Open5GS daemon v2.7.1

06/24 11:14:42.914: [app] INFO: Configuration: '/open5gs/install/etc/open5gs/pcf.yaml' (../lib/app/ogs-init.c:133)
06/24 11:14:42.914: [app] INFO: File Logging: '/open5gs/install/var/log/open5gs/pcf.log' (../lib/app/ogs-init.c:136)
06/24 11:14:42.916: [metrics] INFO: metrics_server() [http://127.0.0.13]:9090 (../lib/metrics/prometheus/context.c:299)
06/24 11:14:42.916: [dbi] INFO: MongoDB URI: 'mongodb://localhost/open5gs' (../lib/dbi/ogs-mongoc.c:130)
06/24 11:14:42.916: [sbi] INFO: NF Service [npcf-am-policy-control] (../lib/sbi/context.c:1841)
06/24 11:14:42.916: [sbi] INFO: NF Service [npcf-smpolicycontrol] (../lib/sbi/context.c:1841)
06/24 11:14:42.916: [sbi] INFO: NF Service [npcf-policyauthorization] (../lib/sbi/context.c:1841)
06/24 11:14:42.916: [sbi] INFO: nghttp2_server() [http://127.0.0.13]:7777 (../lib/sbi/nghttp2-server.c:414)
06/24 11:14:42.916: [app] INFO: PCF initialize...done (../src/pcf/app.c:31)
06/24 11:14:42.917: [sbi] INFO: [f4c97e30-321a-41ef-9580-6ffa8c372496] NF registered [Heartbeat:10s] (../lib/sbi/nf-sm.c:221)
06/24 11:14:42.918: [sbi] INFO: [f4c9d2b8-321a-41ef-8a54-bb03ef1de036] Subscription created until 2024-06-25T11:14:42.918064+00:00 [duration:86400,validity:86399.999329,patch:43199.999664] (../lib/sbi/nnrf-handler.c:813)
06/24 11:14:42.918: [sbi] INFO: [f4c9d632-321a-41ef-8a54-bb03ef1de036] Subscription created until 2024-06-25T11:14:42.918152+00:00 [duration:86400,validity:86399.999365,patch:43199.999682] (../lib/sbi/nnrf-handler.c:813)
06/24 11:14:42.918: [sbi] INFO: [f4c9d8c6-321a-41ef-8a54-bb03ef1de036] Subscription created until 2024-06-25T11:14:42.918219+00:00 [duration:86400,validity:86399.999342,patch:43199.999671] (../lib/sbi/nnrf-handler.c:813)
Open5GS daemon v2.7.1

06/24 11:21:59.790: [app] INFO: Configuration: '/open5gs/install/etc/open5gs/pcf.yaml' (../lib/app/ogs-init.c:133)
06/24 11:21:59.790: [app] INFO: File Logging: '/open5gs/install/var/log/open5gs/pcf.log' (../lib/app/ogs-init.c:136)
06/24 11:21:59.791: [metrics] INFO: metrics_server() [http://127.0.0.13]:9090 (../lib/metrics/prometheus/context.c:299)
06/24 11:21:59.792: [dbi] INFO: MongoDB URI: 'mongodb://localhost/open5gs' (../lib/dbi/ogs-mongoc.c:130)
06/24 11:21:59.792: [sbi] INFO: NF Service [npcf-am-policy-control] (../lib/sbi/context.c:1841)
06/24 11:21:59.792: [sbi] INFO: NF Service [npcf-smpolicycontrol] (../lib/sbi/context.c:1841)
06/24 11:21:59.792: [sbi] INFO: NF Service [npcf-policyauthorization] (../lib/sbi/context.c:1841)
06/24 11:21:59.792: [sbi] INFO: nghttp2_server() [http://127.0.0.13]:7777 (../lib/sbi/nghttp2-server.c:414)
06/24 11:21:59.792: [app] INFO: PCF initialize...done (../src/pcf/app.c:31)
06/24 11:21:59.793: [sbi] INFO: [f92f6c40-321b-41ef-9e17-5db492fea92a] NF registered [Heartbeat:10s] (../lib/sbi/nf-sm.c:221)
06/24 11:21:59.795: [sbi] INFO: [f92fd55e-321b-41ef-8b79-659cc24ec018] Subscription created until 2024-06-25T11:21:59.794213+00:00 [duration:86400,validity:86399.998914,patch:43199.999457] (../lib/sbi/nnrf-handler.c:813)
06/24 11:21:59.795: [sbi] INFO: [f92fe418-321b-41ef-8b79-659cc24ec018] Subscription created until 2024-06-25T11:21:59.794589+00:00 [duration:86400,validity:86399.999196,patch:43199.999598] (../lib/sbi/nnrf-handler.c:813)
06/24 11:21:59.795: [sbi] INFO: [f92fe558-321b-41ef-8b79-659cc24ec018] Subscription created until 2024-06-25T11:21:59.794621+00:00 [duration:86400,validity:86399.999183,patch:43199.999591] (../lib/sbi/nnrf-handler.c:813)
Open5GS daemon v2.7.1

06/24 11:25:29.999: [app] INFO: Configuration: '/open5gs/install/etc/open5gs/pcf.yaml' (../lib/app/ogs-init.c:133)
06/24 11:25:29.999: [app] INFO: File Logging: '/open5gs/install/var/log/open5gs/pcf.log' (../lib/app/ogs-init.c:136)
06/24 11:25:30.000: [metrics] INFO: metrics_server() [http://127.0.0.13]:9090 (../lib/metrics/prometheus/context.c:299)
06/24 11:25:30.001: [dbi] INFO: MongoDB URI: 'mongodb://localhost/open5gs' (../lib/dbi/ogs-mongoc.c:130)
06/24 11:25:30.001: [sbi] INFO: NF Service [npcf-am-policy-control] (../lib/sbi/context.c:1841)
06/24 11:25:30.001: [sbi] INFO: NF Service [npcf-smpolicycontrol] (../lib/sbi/context.c:1841)
06/24 11:25:30.001: [sbi] INFO: NF Service [npcf-policyauthorization] (../lib/sbi/context.c:1841)
06/24 11:25:30.001: [sbi] INFO: nghttp2_server() [http://127.0.0.13]:7777 (../lib/sbi/nghttp2-server.c:414)
06/24 11:25:30.001: [app] INFO: PCF initialize...done (../src/pcf/app.c:31)
06/24 11:25:30.002: [sbi] INFO: [767ac2c6-321c-41ef-9033-cdd949847ed5] NF registered [Heartbeat:10s] (../lib/sbi/nf-sm.c:221)
06/24 11:25:30.002: [sbi] INFO: [767b0e66-321c-41ef-b38e-d7c5748ea019] Subscription created until 2024-06-25T11:25:30.002395+00:00 [duration:86400,validity:86399.999731,patch:43199.999865] (../lib/sbi/nnrf-handler.c:813)
06/24 11:25:30.002: [sbi] INFO: [767b1082-321c-41ef-b38e-d7c5748ea019] Subscription created until 2024-06-25T11:25:30.002447+00:00 [duration:86400,validity:86399.999763,patch:43199.999881] (../lib/sbi/nnrf-handler.c:813)
06/24 11:25:30.002: [sbi] INFO: [767b12c6-321c-41ef-b38e-d7c5748ea019] Subscription created until 2024-06-25T11:25:30.002505+00:00 [duration:86400,validity:86399.999773,patch:43199.999886] (../lib/sbi/nnrf-handler.c:813)
06/24 11:25:41.001: [sbi] INFO: (NRF-notify) NF registered [767a16e6-321c-41ef-a45d-0d396e5cc6f7:1] (../lib/sbi/nnrf-handler.c:1058)
06/24 11:25:41.001: [sbi] INFO: [BSF] (NRF-notify) NF Profile updated [767a16e6-321c-41ef-a45d-0d396e5cc6f7:1] (../lib/sbi/nnrf-handler.c:1072)
06/24 11:25:43.951: [sbi] INFO: [UDR] (SCP-discover) NF registered [767ab150-321c-41ef-9d03-fb61829797d9:1] (../lib/sbi/path.c:211)
06/24 11:25:57.236: [sbi] WARNING: [UDR] (SCP-discover) NF has already been added [767ab150-321c-41ef-9d03-fb61829797d9:2] (../lib/sbi/path.c:216)
Open5GS daemon v2.7.1

06/24 11:37:42.973: [app] INFO: Configuration: '/open5gs/install/etc/open5gs/pcf.yaml' (../lib/app/ogs-init.c:133)
06/24 11:37:42.973: [app] INFO: File Logging: '/open5gs/install/var/log/open5gs/pcf.log' (../lib/app/ogs-init.c:136)
06/24 11:37:42.975: [metrics] INFO: metrics_server() [http://127.0.0.13]:9090 (../lib/metrics/prometheus/context.c:299)
06/24 11:37:42.976: [dbi] INFO: MongoDB URI: 'mongodb://localhost/open5gs' (../lib/dbi/ogs-mongoc.c:130)
06/24 11:37:42.976: [sbi] INFO: NF Service [npcf-am-policy-control] (../lib/sbi/context.c:1841)
06/24 11:37:42.976: [sbi] INFO: NF Service [npcf-smpolicycontrol] (../lib/sbi/context.c:1841)
06/24 11:37:42.976: [sbi] INFO: NF Service [npcf-policyauthorization] (../lib/sbi/context.c:1841)
06/24 11:37:42.976: [sbi] INFO: nghttp2_server() [http://127.0.0.13]:7777 (../lib/sbi/nghttp2-server.c:414)
06/24 11:37:42.976: [app] INFO: PCF initialize...done (../src/pcf/app.c:31)
06/24 11:37:42.977: [sbi] INFO: [2b5dd25e-321e-41ef-932c-7dabe436ac69] NF registered [Heartbeat:10s] (../lib/sbi/nf-sm.c:221)
06/24 11:37:42.978: [sbi] INFO: [2b5e4d38-321e-41ef-b751-43939f63bf96] Subscription created until 2024-06-25T11:37:42.978289+00:00 [duration:86400,validity:86399.999683,patch:43199.999841] (../lib/sbi/nnrf-handler.c:813)
06/24 11:37:42.978: [sbi] INFO: [2b5e5058-321e-41ef-b751-43939f63bf96] Subscription created until 2024-06-25T11:37:42.978367+00:00 [duration:86400,validity:86399.999690,patch:43199.999845] (../lib/sbi/nnrf-handler.c:813)
06/24 11:37:42.978: [sbi] INFO: [2b5e544a-321e-41ef-b751-43939f63bf96] Subscription created until 2024-06-25T11:37:42.978468+00:00 [duration:86400,validity:86399.999712,patch:43199.999856] (../lib/sbi/nnrf-handler.c:813)
06/24 11:37:53.978: [sbi] INFO: (NRF-notify) NF registered [2b5d5cca-321e-41ef-9ab5-8722b98abd04:1] (../lib/sbi/nnrf-handler.c:1058)
06/24 11:37:53.978: [sbi] INFO: [BSF] (NRF-notify) NF Profile updated [2b5d5cca-321e-41ef-9ab5-8722b98abd04:1] (../lib/sbi/nnrf-handler.c:1072)
Open5GS daemon v2.7.1

06/24 11:44:57.573: [app] INFO: Configuration: '/open5gs/install/etc/open5gs/pcf.yaml' (../lib/app/ogs-init.c:133)
06/24 11:44:57.573: [app] INFO: File Logging: '/open5gs/install/var/log/open5gs/pcf.log' (../lib/app/ogs-init.c:136)
06/24 11:44:57.574: [metrics] INFO: metrics_server() [http://127.0.0.13]:9090 (../lib/metrics/prometheus/context.c:299)
06/24 11:44:57.575: [dbi] INFO: MongoDB URI: 'mongodb://localhost/open5gs' (../lib/dbi/ogs-mongoc.c:130)
06/24 11:44:57.575: [sbi] INFO: NF Service [npcf-am-policy-control] (../lib/sbi/context.c:1841)
06/24 11:44:57.575: [sbi] INFO: NF Service [npcf-smpolicycontrol] (../lib/sbi/context.c:1841)
06/24 11:44:57.575: [sbi] INFO: NF Service [npcf-policyauthorization] (../lib/sbi/context.c:1841)
06/24 11:44:57.575: [sbi] INFO: nghttp2_server() [http://127.0.0.13]:7777 (../lib/sbi/nghttp2-server.c:414)
06/24 11:44:57.575: [app] INFO: PCF initialize...done (../src/pcf/app.c:31)
06/24 11:44:57.577: [sbi] INFO: [2e6872be-321f-41ef-ab2c-0927206d2440] NF registered [Heartbeat:10s] (../lib/sbi/nf-sm.c:221)
06/24 11:44:57.577: [sbi] INFO: [2e68dd58-321f-41ef-a6bf-5ddb58e284a6] Subscription created until 2024-06-25T11:44:57.577413+00:00 [duration:86400,validity:86399.999737,patch:43199.999868] (../lib/sbi/nnrf-handler.c:813)
06/24 11:44:57.577: [sbi] INFO: [2e68dfc4-321f-41ef-a6bf-5ddb58e284a6] Subscription created until 2024-06-25T11:44:57.577468+00:00 [duration:86400,validity:86399.999770,patch:43199.999885] (../lib/sbi/nnrf-handler.c:813)
06/24 11:44:57.577: [sbi] INFO: [2e68e258-321f-41ef-a6bf-5ddb58e284a6] Subscription created until 2024-06-25T11:44:57.577534+00:00 [duration:86400,validity:86399.999786,patch:43199.999893] (../lib/sbi/nnrf-handler.c:813)
06/24 11:45:08.582: [sbi] INFO: (NRF-notify) NF registered [2e67f190-321f-41ef-b98a-e1cc26d6b414:1] (../lib/sbi/nnrf-handler.c:1058)
06/24 11:45:08.582: [sbi] INFO: [BSF] (NRF-notify) NF Profile updated [2e67f190-321f-41ef-b98a-e1cc26d6b414:1] (../lib/sbi/nnrf-handler.c:1072)
06/24 11:45:46.657: [sbi] INFO: [UDR] (SCP-discover) NF registered [2e686954-321f-41ef-af86-31ec9b05e407:1] (../lib/sbi/path.c:211)
06/24 11:45:49.900: [sbi] WARNING: [UDR] (SCP-discover) NF has already been added [2e686954-321f-41ef-af86-31ec9b05e407:2] (../lib/sbi/path.c:216)
Open5GS daemon v2.7.1

06/24 12:22:09.385: [app] INFO: Configuration: '/open5gs/install/etc/open5gs/pcf.yaml' (../lib/app/ogs-init.c:133)
06/24 12:22:09.385: [app] INFO: File Logging: '/open5gs/install/var/log/open5gs/pcf.log' (../lib/app/ogs-init.c:136)
06/24 12:22:09.386: [metrics] INFO: metrics_server() [http://127.0.0.13]:9090 (../lib/metrics/prometheus/context.c:299)
06/24 12:22:09.387: [dbi] INFO: MongoDB URI: 'mongodb://localhost/open5gs' (../lib/dbi/ogs-mongoc.c:130)
06/24 12:22:09.387: [sbi] INFO: NF Service [npcf-am-policy-control] (../lib/sbi/context.c:1841)
06/24 12:22:09.387: [sbi] INFO: NF Service [npcf-smpolicycontrol] (../lib/sbi/context.c:1841)
06/24 12:22:09.387: [sbi] INFO: NF Service [npcf-policyauthorization] (../lib/sbi/context.c:1841)
06/24 12:22:09.387: [sbi] INFO: nghttp2_server() [http://127.0.0.13]:7777 (../lib/sbi/nghttp2-server.c:414)
06/24 12:22:09.388: [app] INFO: PCF initialize...done (../src/pcf/app.c:31)
06/24 12:22:09.389: [sbi] INFO: [60abf4e4-3224-41ef-b26c-fb3f69badd76] NF registered [Heartbeat:10s] (../lib/sbi/nf-sm.c:221)
06/24 12:22:09.390: [sbi] INFO: [60ac6bc2-3224-41ef-8aee-31c2320fc559] Subscription created until 2024-06-25T12:22:09.389873+00:00 [duration:86400,validity:86399.999788,patch:43199.999894] (../lib/sbi/nnrf-handler.c:813)
06/24 12:22:09.390: [sbi] INFO: [60ac7090-3224-41ef-8aee-31c2320fc559] Subscription created until 2024-06-25T12:22:09.389995+00:00 [duration:86400,validity:86399.999745,patch:43199.999872] (../lib/sbi/nnrf-handler.c:813)
06/24 12:22:09.390: [sbi] INFO: [60ac741e-3224-41ef-8aee-31c2320fc559] Subscription created until 2024-06-25T12:22:09.390086+00:00 [duration:86400,validity:86399.999708,patch:43199.999854] (../lib/sbi/nnrf-handler.c:813)
06/24 12:22:33.971: [sbi] INFO: [UDR] (SCP-discover) NF registered [60abfc32-3224-41ef-bea3-37b81cb17cf8:1] (../lib/sbi/path.c:211)
