Open5GS daemon v2.7.1

06/24 11:14:42.912: [app] INFO: Configuration: '/open5gs/install/etc/open5gs/udm.yaml' (../lib/app/ogs-init.c:133)
06/24 11:14:42.912: [app] INFO: File Logging: '/open5gs/install/var/log/open5gs/udm.log' (../lib/app/ogs-init.c:136)
06/24 11:14:42.913: [sbi] INFO: NF Service [nudm-ueau] (../lib/sbi/context.c:1841)
06/24 11:14:42.913: [sbi] INFO: NF Service [nudm-uecm] (../lib/sbi/context.c:1841)
06/24 11:14:42.913: [sbi] INFO: NF Service [nudm-sdm] (../lib/sbi/context.c:1841)
06/24 11:14:42.914: [sbi] INFO: nghttp2_server() [http://127.0.0.12]:7777 (../lib/sbi/nghttp2-server.c:414)
06/24 11:14:42.914: [app] INFO: UDM initialize...done (../src/udm/app.c:31)
06/24 11:14:42.915: [sbi] INFO: [f4c923ea-321a-41ef-9155-5d083bb01110] NF registered [Heartbeat:10s] (../lib/sbi/nf-sm.c:221)
06/24 11:14:42.916: [sbi] INFO: [f4c98d26-321a-41ef-8a54-bb03ef1de036] Subscription created until 2024-06-25T11:14:42.916284+00:00 [duration:86400,validity:86399.999616,patch:43199.999808] (../lib/sbi/nnrf-handler.c:813)
06/24 11:14:42.916: [sbi] INFO: [f4c990aa-321a-41ef-8a54-bb03ef1de036] Subscription created until 2024-06-25T11:14:42.916373+00:00 [duration:86400,validity:86399.999458,patch:43199.999729] (../lib/sbi/nnrf-handler.c:813)
06/24 11:14:42.918: [sbi] INFO: (NRF-notify) NF registered [f4c99410-321a-41ef-8d6e-75b8e1c79804:1] (../lib/sbi/nnrf-handler.c:1058)
06/24 11:14:42.918: [sbi] INFO: [UDR] (NRF-notify) NF Profile updated [f4c99410-321a-41ef-8d6e-75b8e1c79804:1] (../lib/sbi/nnrf-handler.c:1072)
Open5GS daemon v2.7.1

06/24 11:21:59.787: [app] INFO: Configuration: '/open5gs/install/etc/open5gs/udm.yaml' (../lib/app/ogs-init.c:133)
06/24 11:21:59.787: [app] INFO: File Logging: '/open5gs/install/var/log/open5gs/udm.log' (../lib/app/ogs-init.c:136)
06/24 11:21:59.789: [sbi] INFO: NF Service [nudm-ueau] (../lib/sbi/context.c:1841)
06/24 11:21:59.789: [sbi] INFO: NF Service [nudm-uecm] (../lib/sbi/context.c:1841)
06/24 11:21:59.789: [sbi] INFO: NF Service [nudm-sdm] (../lib/sbi/context.c:1841)
06/24 11:21:59.789: [sbi] INFO: nghttp2_server() [http://127.0.0.12]:7777 (../lib/sbi/nghttp2-server.c:414)
06/24 11:21:59.789: [app] INFO: UDM initialize...done (../src/udm/app.c:31)
06/24 11:21:59.790: [sbi] INFO: [f92f10f6-321b-41ef-88a3-2d2150628158] NF registered [Heartbeat:10s] (../lib/sbi/nf-sm.c:221)
06/24 11:21:59.792: [sbi] INFO: [f92f5c1e-321b-41ef-8b79-659cc24ec018] Subscription created until 2024-06-25T11:21:59.791109+00:00 [duration:86400,validity:86399.999015,patch:43199.999507] (../lib/sbi/nnrf-handler.c:813)
06/24 11:21:59.792: [sbi] INFO: [f92f5fe8-321b-41ef-8b79-659cc24ec018] Subscription created until 2024-06-25T11:21:59.791206+00:00 [duration:86400,validity:86399.999047,patch:43199.999523] (../lib/sbi/nnrf-handler.c:813)
06/24 11:21:59.794: [sbi] INFO: (NRF-notify) NF registered [f92f922e-321b-41ef-9606-3589488b5350:1] (../lib/sbi/nnrf-handler.c:1058)
06/24 11:21:59.794: [sbi] INFO: [UDR] (NRF-notify) NF Profile updated [f92f922e-321b-41ef-9606-3589488b5350:1] (../lib/sbi/nnrf-handler.c:1072)
Open5GS daemon v2.7.1

06/24 11:25:29.995: [app] INFO: Configuration: '/open5gs/install/etc/open5gs/udm.yaml' (../lib/app/ogs-init.c:133)
06/24 11:25:29.995: [app] INFO: File Logging: '/open5gs/install/var/log/open5gs/udm.log' (../lib/app/ogs-init.c:136)
06/24 11:25:29.996: [sbi] INFO: NF Service [nudm-ueau] (../lib/sbi/context.c:1841)
06/24 11:25:29.996: [sbi] INFO: NF Service [nudm-uecm] (../lib/sbi/context.c:1841)
06/24 11:25:29.996: [sbi] INFO: NF Service [nudm-sdm] (../lib/sbi/context.c:1841)
06/24 11:25:29.997: [sbi] INFO: nghttp2_server() [http://127.0.0.12]:7777 (../lib/sbi/nghttp2-server.c:414)
06/24 11:25:29.997: [app] INFO: UDM initialize...done (../src/udm/app.c:31)
06/24 11:25:29.997: [sbi] WARNING: [7] Failed to connect to 127.0.0.22 port 7777 after 0 ms: Connection refused (../lib/sbi/client.c:698)
06/24 11:25:29.997: [sbi] WARNING: ogs_sbi_client_handler() failed [-1] (../lib/sbi/path.c:62)
06/24 11:25:41.005: [sbi] WARNING: [767a2d0c-321c-41ef-a8d1-270c366ecab8] Retry registration with NRF (../lib/sbi/nf-sm.c:182)
06/24 11:25:41.006: [sbi] INFO: [767a2d0c-321c-41ef-a8d1-270c366ecab8] NF registered [Heartbeat:10s] (../lib/sbi/nf-sm.c:221)
06/24 11:25:41.007: [sbi] INFO: [7d0a3c8e-321c-41ef-b38e-d7c5748ea019] Subscription created until 2024-06-25T11:25:41.007071+00:00 [duration:86400,validity:86399.999834,patch:43199.999917] (../lib/sbi/nnrf-handler.c:813)
06/24 11:25:41.007: [sbi] INFO: [7d0a3edc-321c-41ef-b38e-d7c5748ea019] Subscription created until 2024-06-25T11:25:41.007131+00:00 [duration:86400,validity:86399.999840,patch:43199.999920] (../lib/sbi/nnrf-handler.c:813)
06/24 11:25:43.789: [sbi] INFO: [UDR] (SCP-discover) NF registered [767ab150-321c-41ef-9d03-fb61829797d9:1] (../lib/sbi/path.c:211)
06/24 11:25:57.310: [sbi] WARNING: [UDR] (SCP-discover) NF has already been added [767ab150-321c-41ef-9d03-fb61829797d9:2] (../lib/sbi/path.c:216)
Open5GS daemon v2.7.1

06/24 11:37:42.971: [app] INFO: Configuration: '/open5gs/install/etc/open5gs/udm.yaml' (../lib/app/ogs-init.c:133)
06/24 11:37:42.971: [app] INFO: File Logging: '/open5gs/install/var/log/open5gs/udm.log' (../lib/app/ogs-init.c:136)
06/24 11:37:42.973: [sbi] INFO: NF Service [nudm-ueau] (../lib/sbi/context.c:1841)
06/24 11:37:42.973: [sbi] INFO: NF Service [nudm-uecm] (../lib/sbi/context.c:1841)
06/24 11:37:42.973: [sbi] INFO: NF Service [nudm-sdm] (../lib/sbi/context.c:1841)
06/24 11:37:42.973: [sbi] INFO: nghttp2_server() [http://127.0.0.12]:7777 (../lib/sbi/nghttp2-server.c:414)
06/24 11:37:42.973: [app] INFO: UDM initialize...done (../src/udm/app.c:31)
06/24 11:37:42.975: [sbi] INFO: [2b5d77d2-321e-41ef-8d4e-c54e27ad0fed] NF registered [Heartbeat:10s] (../lib/sbi/nf-sm.c:221)
06/24 11:37:42.975: [sbi] INFO: [2b5dd59c-321e-41ef-b751-43939f63bf96] Subscription created until 2024-06-25T11:37:42.975227+00:00 [duration:86400,validity:86399.999848,patch:43199.999924] (../lib/sbi/nnrf-handler.c:813)
06/24 11:37:42.975: [sbi] INFO: [2b5dd934-321e-41ef-b751-43939f63bf96] Subscription created until 2024-06-25T11:37:42.975318+00:00 [duration:86400,validity:86399.999785,patch:43199.999892] (../lib/sbi/nnrf-handler.c:813)
06/24 11:37:42.977: [sbi] INFO: (NRF-notify) NF registered [2b5dd6a0-321e-41ef-bcc7-e7fb4a624d0d:1] (../lib/sbi/nnrf-handler.c:1058)
06/24 11:37:42.977: [sbi] INFO: [UDR] (NRF-notify) NF Profile updated [2b5dd6a0-321e-41ef-bcc7-e7fb4a624d0d:1] (../lib/sbi/nnrf-handler.c:1072)
Open5GS daemon v2.7.1

06/24 11:44:57.570: [app] INFO: Configuration: '/open5gs/install/etc/open5gs/udm.yaml' (../lib/app/ogs-init.c:133)
06/24 11:44:57.570: [app] INFO: File Logging: '/open5gs/install/var/log/open5gs/udm.log' (../lib/app/ogs-init.c:136)
06/24 11:44:57.572: [sbi] INFO: NF Service [nudm-ueau] (../lib/sbi/context.c:1841)
06/24 11:44:57.572: [sbi] INFO: NF Service [nudm-uecm] (../lib/sbi/context.c:1841)
06/24 11:44:57.572: [sbi] INFO: NF Service [nudm-sdm] (../lib/sbi/context.c:1841)
06/24 11:44:57.572: [sbi] INFO: nghttp2_server() [http://127.0.0.12]:7777 (../lib/sbi/nghttp2-server.c:414)
06/24 11:44:57.572: [app] INFO: UDM initialize...done (../src/udm/app.c:31)
06/24 11:44:57.573: [sbi] INFO: [2e68063a-321f-41ef-8261-c3989e41bb0b] NF registered [Heartbeat:10s] (../lib/sbi/nf-sm.c:221)
06/24 11:44:57.574: [sbi] INFO: [2e6848fc-321f-41ef-a6bf-5ddb58e284a6] Subscription created until 2024-06-25T11:44:57.573608+00:00 [duration:86400,validity:86399.999505,patch:43199.999752] (../lib/sbi/nnrf-handler.c:813)
06/24 11:44:57.574: [sbi] INFO: [2e684ba4-321f-41ef-a6bf-5ddb58e284a6] Subscription created until 2024-06-25T11:44:57.573676+00:00 [duration:86400,validity:86399.999513,patch:43199.999756] (../lib/sbi/nnrf-handler.c:813)
06/24 11:44:57.576: [sbi] INFO: (NRF-notify) NF registered [2e686954-321f-41ef-af86-31ec9b05e407:1] (../lib/sbi/nnrf-handler.c:1058)
06/24 11:44:57.576: [sbi] INFO: [UDR] (NRF-notify) NF Profile updated [2e686954-321f-41ef-af86-31ec9b05e407:1] (../lib/sbi/nnrf-handler.c:1072)
Open5GS daemon v2.7.1

06/24 12:22:09.382: [app] INFO: Configuration: '/open5gs/install/etc/open5gs/udm.yaml' (../lib/app/ogs-init.c:133)
06/24 12:22:09.382: [app] INFO: File Logging: '/open5gs/install/var/log/open5gs/udm.log' (../lib/app/ogs-init.c:136)
06/24 12:22:09.384: [sbi] INFO: NF Service [nudm-ueau] (../lib/sbi/context.c:1841)
06/24 12:22:09.384: [sbi] INFO: NF Service [nudm-uecm] (../lib/sbi/context.c:1841)
06/24 12:22:09.384: [sbi] INFO: NF Service [nudm-sdm] (../lib/sbi/context.c:1841)
06/24 12:22:09.384: [sbi] INFO: nghttp2_server() [http://127.0.0.12]:7777 (../lib/sbi/nghttp2-server.c:414)
06/24 12:22:09.384: [app] INFO: UDM initialize...done (../src/udm/app.c:31)
06/24 12:22:09.385: [sbi] INFO: [60ab8bf8-3224-41ef-a5aa-85e26f868da9] NF registered [Heartbeat:10s] (../lib/sbi/nf-sm.c:221)
06/24 12:22:09.386: [sbi] INFO: [60abe026-3224-41ef-8aee-31c2320fc559] Subscription created until 2024-06-25T12:22:09.386298+00:00 [duration:86400,validity:86399.999416,patch:43199.999708] (../lib/sbi/nnrf-handler.c:813)
06/24 12:22:09.386: [sbi] INFO: [60abe256-3224-41ef-8aee-31c2320fc559] Subscription created until 2024-06-25T12:22:09.386353+00:00 [duration:86400,validity:86399.999448,patch:43199.999724] (../lib/sbi/nnrf-handler.c:813)
06/24 12:22:09.389: [sbi] INFO: (NRF-notify) NF registered [60abfc32-3224-41ef-bea3-37b81cb17cf8:1] (../lib/sbi/nnrf-handler.c:1058)
06/24 12:22:09.389: [sbi] INFO: [UDR] (NRF-notify) NF Profile updated [60abfc32-3224-41ef-bea3-37b81cb17cf8:1] (../lib/sbi/nnrf-handler.c:1072)
